find_header: checking for sqlite3.h... -------------------- yes

"gcc -o conftest -I/home/stuy/.rvm/rubies/ruby-1.9.3-p194/include/ruby-1.9.1/x86_64-linux -I/home/stuy/.rvm/rubies/ruby-1.9.3-p194/include/ruby-1.9.1/ruby/backward -I/home/stuy/.rvm/rubies/ruby-1.9.3-p194/include/ruby-1.9.1 -I. -I/home/stuy/.rvm/usr/include     -O3 -ggdb -Wextra -Wno-unused-parameter -Wno-parentheses -Wno-long-long -Wno-missing-field-initializers -Wpointer-arith -Wwrite-strings -Wdeclaration-after-statement -Wimplicit-function-declaration  -fPIC conftest.c  -L. -L/home/stuy/.rvm/rubies/ruby-1.9.3-p194/lib -Wl,-R/home/stuy/.rvm/rubies/ruby-1.9.3-p194/lib -L/home/stuy/.rvm/usr/lib -Wl,-R/home/stuy/.rvm/usr/lib -L.  -rdynamic -Wl,-export-dynamic     -Wl,-R -Wl,/home/stuy/.rvm/rubies/ruby-1.9.3-p194/lib -L/home/stuy/.rvm/rubies/ruby-1.9.3-p194/lib -lruby  -lpthread -lrt -ldl -lcrypt -lm   -lc"
checked program was:
/* begin */
1: #include "ruby.h"
2: 
3: int main() {return 0;}
/* end */

"gcc -E -I/home/stuy/.rvm/rubies/ruby-1.9.3-p194/include/ruby-1.9.1/x86_64-linux -I/home/stuy/.rvm/rubies/ruby-1.9.3-p194/include/ruby-1.9.1/ruby/backward -I/home/stuy/.rvm/rubies/ruby-1.9.3-p194/include/ruby-1.9.1 -I. -I/home/stuy/.rvm/usr/include     -O3 -ggdb -Wextra -Wno-unused-parameter -Wno-parentheses -Wno-long-long -Wno-missing-field-initializers -Wpointer-arith -Wwrite-strings -Wdeclaration-after-statement -Wimplicit-function-declaration  -fPIC  conftest.c -o conftest.i"
checked program was:
/* begin */
1: #include "ruby.h"
2: 
3: #include <sqlite3.h>
/* end */

--------------------

find_library: checking for sqlite3_libversion_number() in -lsqlite3... -------------------- yes

"gcc -o conftest -I/home/stuy/.rvm/rubies/ruby-1.9.3-p194/include/ruby-1.9.1/x86_64-linux -I/home/stuy/.rvm/rubies/ruby-1.9.3-p194/include/ruby-1.9.1/ruby/backward -I/home/stuy/.rvm/rubies/ruby-1.9.3-p194/include/ruby-1.9.1 -I. -I/home/stuy/.rvm/usr/include     -O3 -ggdb -Wextra -Wno-unused-parameter -Wno-parentheses -Wno-long-long -Wno-missing-field-initializers -Wpointer-arith -Wwrite-strings -Wdeclaration-after-statement -Wimplicit-function-declaration  -fPIC conftest.c  -L. -L/home/stuy/.rvm/rubies/ruby-1.9.3-p194/lib -Wl,-R/home/stuy/.rvm/rubies/ruby-1.9.3-p194/lib -L/home/stuy/.rvm/usr/lib -Wl,-R/home/stuy/.rvm/usr/lib -L.  -rdynamic -Wl,-export-dynamic     -Wl,-R -Wl,/home/stuy/.rvm/rubies/ruby-1.9.3-p194/lib -L/home/stuy/.rvm/rubies/ruby-1.9.3-p194/lib -lruby -lsqlite3  -lpthread -lrt -ldl -lcrypt -lm   -lc"
conftest.c: In function ‘t’:
conftest.c:5:53: error: ‘sqlite3_libversion_number’ undeclared (first use in this function)
conftest.c:5:53: note: each undeclared identifier is reported only once for each function it appears in
checked program was:
/* begin */
1: #include "ruby.h"
2: 
3: /*top*/
4: int main() {return 0;}
5: int t() { void ((*volatile p)()); p = (void ((*)()))sqlite3_libversion_number; return 0; }
/* end */

"gcc -o conftest -I/home/stuy/.rvm/rubies/ruby-1.9.3-p194/include/ruby-1.9.1/x86_64-linux -I/home/stuy/.rvm/rubies/ruby-1.9.3-p194/include/ruby-1.9.1/ruby/backward -I/home/stuy/.rvm/rubies/ruby-1.9.3-p194/include/ruby-1.9.1 -I. -I/home/stuy/.rvm/usr/include     -O3 -ggdb -Wextra -Wno-unused-parameter -Wno-parentheses -Wno-long-long -Wno-missing-field-initializers -Wpointer-arith -Wwrite-strings -Wdeclaration-after-statement -Wimplicit-function-declaration  -fPIC conftest.c  -L. -L/home/stuy/.rvm/rubies/ruby-1.9.3-p194/lib -Wl,-R/home/stuy/.rvm/rubies/ruby-1.9.3-p194/lib -L/home/stuy/.rvm/usr/lib -Wl,-R/home/stuy/.rvm/usr/lib -L.  -rdynamic -Wl,-export-dynamic     -Wl,-R -Wl,/home/stuy/.rvm/rubies/ruby-1.9.3-p194/lib -L/home/stuy/.rvm/rubies/ruby-1.9.3-p194/lib -lruby -lsqlite3  -lpthread -lrt -ldl -lcrypt -lm   -lc"
conftest.c: In function ‘t’:
conftest.c:5:1: warning: implicit declaration of function ‘sqlite3_libversion_number’ [-Wimplicit-function-declaration]
checked program was:
/* begin */
1: #include "ruby.h"
2: 
3: /*top*/
4: int main() {return 0;}
5: int t() { sqlite3_libversion_number(); return 0; }
/* end */

--------------------

have_func: checking for rb_proc_arity()... -------------------- yes

"gcc -o conftest -I/home/stuy/.rvm/rubies/ruby-1.9.3-p194/include/ruby-1.9.1/x86_64-linux -I/home/stuy/.rvm/rubies/ruby-1.9.3-p194/include/ruby-1.9.1/ruby/backward -I/home/stuy/.rvm/rubies/ruby-1.9.3-p194/include/ruby-1.9.1 -I. -I/home/stuy/.rvm/usr/include     -O3 -ggdb -Wextra -Wno-unused-parameter -Wno-parentheses -Wno-long-long -Wno-missing-field-initializers -Wpointer-arith -Wwrite-strings -Wdeclaration-after-statement -Wimplicit-function-declaration  -fPIC conftest.c  -L. -L/home/stuy/.rvm/rubies/ruby-1.9.3-p194/lib -Wl,-R/home/stuy/.rvm/rubies/ruby-1.9.3-p194/lib -L/home/stuy/.rvm/usr/lib -Wl,-R/home/stuy/.rvm/usr/lib -L.  -rdynamic -Wl,-export-dynamic    -lsqlite3  -Wl,-R -Wl,/home/stuy/.rvm/rubies/ruby-1.9.3-p194/lib -L/home/stuy/.rvm/rubies/ruby-1.9.3-p194/lib -lruby -lsqlite3  -lpthread -lrt -ldl -lcrypt -lm   -lc"
checked program was:
/* begin */
1: #include "ruby.h"
2: 
3: /*top*/
4: int main() {return 0;}
5: int t() { void ((*volatile p)()); p = (void ((*)()))rb_proc_arity; return 0; }
/* end */

--------------------

have_func: checking for sqlite3_initialize()... -------------------- yes

"gcc -o conftest -I/home/stuy/.rvm/rubies/ruby-1.9.3-p194/include/ruby-1.9.1/x86_64-linux -I/home/stuy/.rvm/rubies/ruby-1.9.3-p194/include/ruby-1.9.1/ruby/backward -I/home/stuy/.rvm/rubies/ruby-1.9.3-p194/include/ruby-1.9.1 -I. -I/home/stuy/.rvm/usr/include     -O3 -ggdb -Wextra -Wno-unused-parameter -Wno-parentheses -Wno-long-long -Wno-missing-field-initializers -Wpointer-arith -Wwrite-strings -Wdeclaration-after-statement -Wimplicit-function-declaration  -fPIC conftest.c  -L. -L/home/stuy/.rvm/rubies/ruby-1.9.3-p194/lib -Wl,-R/home/stuy/.rvm/rubies/ruby-1.9.3-p194/lib -L/home/stuy/.rvm/usr/lib -Wl,-R/home/stuy/.rvm/usr/lib -L.  -rdynamic -Wl,-export-dynamic    -lsqlite3  -Wl,-R -Wl,/home/stuy/.rvm/rubies/ruby-1.9.3-p194/lib -L/home/stuy/.rvm/rubies/ruby-1.9.3-p194/lib -lruby -lsqlite3  -lpthread -lrt -ldl -lcrypt -lm   -lc"
conftest.c: In function ‘t’:
conftest.c:5:53: error: ‘sqlite3_initialize’ undeclared (first use in this function)
conftest.c:5:53: note: each undeclared identifier is reported only once for each function it appears in
checked program was:
/* begin */
1: #include "ruby.h"
2: 
3: /*top*/
4: int main() {return 0;}
5: int t() { void ((*volatile p)()); p = (void ((*)()))sqlite3_initialize; return 0; }
/* end */

"gcc -o conftest -I/home/stuy/.rvm/rubies/ruby-1.9.3-p194/include/ruby-1.9.1/x86_64-linux -I/home/stuy/.rvm/rubies/ruby-1.9.3-p194/include/ruby-1.9.1/ruby/backward -I/home/stuy/.rvm/rubies/ruby-1.9.3-p194/include/ruby-1.9.1 -I. -I/home/stuy/.rvm/usr/include     -O3 -ggdb -Wextra -Wno-unused-parameter -Wno-parentheses -Wno-long-long -Wno-missing-field-initializers -Wpointer-arith -Wwrite-strings -Wdeclaration-after-statement -Wimplicit-function-declaration  -fPIC conftest.c  -L. -L/home/stuy/.rvm/rubies/ruby-1.9.3-p194/lib -Wl,-R/home/stuy/.rvm/rubies/ruby-1.9.3-p194/lib -L/home/stuy/.rvm/usr/lib -Wl,-R/home/stuy/.rvm/usr/lib -L.  -rdynamic -Wl,-export-dynamic    -lsqlite3  -Wl,-R -Wl,/home/stuy/.rvm/rubies/ruby-1.9.3-p194/lib -L/home/stuy/.rvm/rubies/ruby-1.9.3-p194/lib -lruby -lsqlite3  -lpthread -lrt -ldl -lcrypt -lm   -lc"
conftest.c: In function ‘t’:
conftest.c:5:1: warning: implicit declaration of function ‘sqlite3_initialize’ [-Wimplicit-function-declaration]
checked program was:
/* begin */
1: #include "ruby.h"
2: 
3: /*top*/
4: int main() {return 0;}
5: int t() { sqlite3_initialize(); return 0; }
/* end */

--------------------

have_func: checking for sqlite3_backup_init()... -------------------- yes

"gcc -o conftest -I/home/stuy/.rvm/rubies/ruby-1.9.3-p194/include/ruby-1.9.1/x86_64-linux -I/home/stuy/.rvm/rubies/ruby-1.9.3-p194/include/ruby-1.9.1/ruby/backward -I/home/stuy/.rvm/rubies/ruby-1.9.3-p194/include/ruby-1.9.1 -I. -I/home/stuy/.rvm/usr/include     -O3 -ggdb -Wextra -Wno-unused-parameter -Wno-parentheses -Wno-long-long -Wno-missing-field-initializers -Wpointer-arith -Wwrite-strings -Wdeclaration-after-statement -Wimplicit-function-declaration  -fPIC conftest.c  -L. -L/home/stuy/.rvm/rubies/ruby-1.9.3-p194/lib -Wl,-R/home/stuy/.rvm/rubies/ruby-1.9.3-p194/lib -L/home/stuy/.rvm/usr/lib -Wl,-R/home/stuy/.rvm/usr/lib -L.  -rdynamic -Wl,-export-dynamic    -lsqlite3  -Wl,-R -Wl,/home/stuy/.rvm/rubies/ruby-1.9.3-p194/lib -L/home/stuy/.rvm/rubies/ruby-1.9.3-p194/lib -lruby -lsqlite3  -lpthread -lrt -ldl -lcrypt -lm   -lc"
conftest.c: In function ‘t’:
conftest.c:5:53: error: ‘sqlite3_backup_init’ undeclared (first use in this function)
conftest.c:5:53: note: each undeclared identifier is reported only once for each function it appears in
checked program was:
/* begin */
1: #include "ruby.h"
2: 
3: /*top*/
4: int main() {return 0;}
5: int t() { void ((*volatile p)()); p = (void ((*)()))sqlite3_backup_init; return 0; }
/* end */

"gcc -o conftest -I/home/stuy/.rvm/rubies/ruby-1.9.3-p194/include/ruby-1.9.1/x86_64-linux -I/home/stuy/.rvm/rubies/ruby-1.9.3-p194/include/ruby-1.9.1/ruby/backward -I/home/stuy/.rvm/rubies/ruby-1.9.3-p194/include/ruby-1.9.1 -I. -I/home/stuy/.rvm/usr/include     -O3 -ggdb -Wextra -Wno-unused-parameter -Wno-parentheses -Wno-long-long -Wno-missing-field-initializers -Wpointer-arith -Wwrite-strings -Wdeclaration-after-statement -Wimplicit-function-declaration  -fPIC conftest.c  -L. -L/home/stuy/.rvm/rubies/ruby-1.9.3-p194/lib -Wl,-R/home/stuy/.rvm/rubies/ruby-1.9.3-p194/lib -L/home/stuy/.rvm/usr/lib -Wl,-R/home/stuy/.rvm/usr/lib -L.  -rdynamic -Wl,-export-dynamic    -lsqlite3  -Wl,-R -Wl,/home/stuy/.rvm/rubies/ruby-1.9.3-p194/lib -L/home/stuy/.rvm/rubies/ruby-1.9.3-p194/lib -lruby -lsqlite3  -lpthread -lrt -ldl -lcrypt -lm   -lc"
conftest.c: In function ‘t’:
conftest.c:5:1: warning: implicit declaration of function ‘sqlite3_backup_init’ [-Wimplicit-function-declaration]
checked program was:
/* begin */
1: #include "ruby.h"
2: 
3: /*top*/
4: int main() {return 0;}
5: int t() { sqlite3_backup_init(); return 0; }
/* end */

--------------------

have_func: checking for sqlite3_column_database_name()... -------------------- yes

"gcc -o conftest -I/home/stuy/.rvm/rubies/ruby-1.9.3-p194/include/ruby-1.9.1/x86_64-linux -I/home/stuy/.rvm/rubies/ruby-1.9.3-p194/include/ruby-1.9.1/ruby/backward -I/home/stuy/.rvm/rubies/ruby-1.9.3-p194/include/ruby-1.9.1 -I. -I/home/stuy/.rvm/usr/include     -O3 -ggdb -Wextra -Wno-unused-parameter -Wno-parentheses -Wno-long-long -Wno-missing-field-initializers -Wpointer-arith -Wwrite-strings -Wdeclaration-after-statement -Wimplicit-function-declaration  -fPIC conftest.c  -L. -L/home/stuy/.rvm/rubies/ruby-1.9.3-p194/lib -Wl,-R/home/stuy/.rvm/rubies/ruby-1.9.3-p194/lib -L/home/stuy/.rvm/usr/lib -Wl,-R/home/stuy/.rvm/usr/lib -L.  -rdynamic -Wl,-export-dynamic    -lsqlite3  -Wl,-R -Wl,/home/stuy/.rvm/rubies/ruby-1.9.3-p194/lib -L/home/stuy/.rvm/rubies/ruby-1.9.3-p194/lib -lruby -lsqlite3  -lpthread -lrt -ldl -lcrypt -lm   -lc"
conftest.c: In function ‘t’:
conftest.c:5:53: error: ‘sqlite3_column_database_name’ undeclared (first use in this function)
conftest.c:5:53: note: each undeclared identifier is reported only once for each function it appears in
checked program was:
/* begin */
1: #include "ruby.h"
2: 
3: /*top*/
4: int main() {return 0;}
5: int t() { void ((*volatile p)()); p = (void ((*)()))sqlite3_column_database_name; return 0; }
/* end */

"gcc -o conftest -I/home/stuy/.rvm/rubies/ruby-1.9.3-p194/include/ruby-1.9.1/x86_64-linux -I/home/stuy/.rvm/rubies/ruby-1.9.3-p194/include/ruby-1.9.1/ruby/backward -I/home/stuy/.rvm/rubies/ruby-1.9.3-p194/include/ruby-1.9.1 -I. -I/home/stuy/.rvm/usr/include     -O3 -ggdb -Wextra -Wno-unused-parameter -Wno-parentheses -Wno-long-long -Wno-missing-field-initializers -Wpointer-arith -Wwrite-strings -Wdeclaration-after-statement -Wimplicit-function-declaration  -fPIC conftest.c  -L. -L/home/stuy/.rvm/rubies/ruby-1.9.3-p194/lib -Wl,-R/home/stuy/.rvm/rubies/ruby-1.9.3-p194/lib -L/home/stuy/.rvm/usr/lib -Wl,-R/home/stuy/.rvm/usr/lib -L.  -rdynamic -Wl,-export-dynamic    -lsqlite3  -Wl,-R -Wl,/home/stuy/.rvm/rubies/ruby-1.9.3-p194/lib -L/home/stuy/.rvm/rubies/ruby-1.9.3-p194/lib -lruby -lsqlite3  -lpthread -lrt -ldl -lcrypt -lm   -lc"
conftest.c: In function ‘t’:
conftest.c:5:1: warning: implicit declaration of function ‘sqlite3_column_database_name’ [-Wimplicit-function-declaration]
checked program was:
/* begin */
1: #include "ruby.h"
2: 
3: /*top*/
4: int main() {return 0;}
5: int t() { sqlite3_column_database_name(); return 0; }
/* end */

--------------------

have_func: checking for sqlite3_enable_load_extension()... -------------------- yes

"gcc -o conftest -I/home/stuy/.rvm/rubies/ruby-1.9.3-p194/include/ruby-1.9.1/x86_64-linux -I/home/stuy/.rvm/rubies/ruby-1.9.3-p194/include/ruby-1.9.1/ruby/backward -I/home/stuy/.rvm/rubies/ruby-1.9.3-p194/include/ruby-1.9.1 -I. -I/home/stuy/.rvm/usr/include     -O3 -ggdb -Wextra -Wno-unused-parameter -Wno-parentheses -Wno-long-long -Wno-missing-field-initializers -Wpointer-arith -Wwrite-strings -Wdeclaration-after-statement -Wimplicit-function-declaration  -fPIC conftest.c  -L. -L/home/stuy/.rvm/rubies/ruby-1.9.3-p194/lib -Wl,-R/home/stuy/.rvm/rubies/ruby-1.9.3-p194/lib -L/home/stuy/.rvm/usr/lib -Wl,-R/home/stuy/.rvm/usr/lib -L.  -rdynamic -Wl,-export-dynamic    -lsqlite3  -Wl,-R -Wl,/home/stuy/.rvm/rubies/ruby-1.9.3-p194/lib -L/home/stuy/.rvm/rubies/ruby-1.9.3-p194/lib -lruby -lsqlite3  -lpthread -lrt -ldl -lcrypt -lm   -lc"
conftest.c: In function ‘t’:
conftest.c:5:53: error: ‘sqlite3_enable_load_extension’ undeclared (first use in this function)
conftest.c:5:53: note: each undeclared identifier is reported only once for each function it appears in
checked program was:
/* begin */
1: #include "ruby.h"
2: 
3: /*top*/
4: int main() {return 0;}
5: int t() { void ((*volatile p)()); p = (void ((*)()))sqlite3_enable_load_extension; return 0; }
/* end */

"gcc -o conftest -I/home/stuy/.rvm/rubies/ruby-1.9.3-p194/include/ruby-1.9.1/x86_64-linux -I/home/stuy/.rvm/rubies/ruby-1.9.3-p194/include/ruby-1.9.1/ruby/backward -I/home/stuy/.rvm/rubies/ruby-1.9.3-p194/include/ruby-1.9.1 -I. -I/home/stuy/.rvm/usr/include     -O3 -ggdb -Wextra -Wno-unused-parameter -Wno-parentheses -Wno-long-long -Wno-missing-field-initializers -Wpointer-arith -Wwrite-strings -Wdeclaration-after-statement -Wimplicit-function-declaration  -fPIC conftest.c  -L. -L/home/stuy/.rvm/rubies/ruby-1.9.3-p194/lib -Wl,-R/home/stuy/.rvm/rubies/ruby-1.9.3-p194/lib -L/home/stuy/.rvm/usr/lib -Wl,-R/home/stuy/.rvm/usr/lib -L.  -rdynamic -Wl,-export-dynamic    -lsqlite3  -Wl,-R -Wl,/home/stuy/.rvm/rubies/ruby-1.9.3-p194/lib -L/home/stuy/.rvm/rubies/ruby-1.9.3-p194/lib -lruby -lsqlite3  -lpthread -lrt -ldl -lcrypt -lm   -lc"
conftest.c: In function ‘t’:
conftest.c:5:1: warning: implicit declaration of function ‘sqlite3_enable_load_extension’ [-Wimplicit-function-declaration]
checked program was:
/* begin */
1: #include "ruby.h"
2: 
3: /*top*/
4: int main() {return 0;}
5: int t() { sqlite3_enable_load_extension(); return 0; }
/* end */

--------------------

have_func: checking for sqlite3_load_extension()... -------------------- yes

"gcc -o conftest -I/home/stuy/.rvm/rubies/ruby-1.9.3-p194/include/ruby-1.9.1/x86_64-linux -I/home/stuy/.rvm/rubies/ruby-1.9.3-p194/include/ruby-1.9.1/ruby/backward -I/home/stuy/.rvm/rubies/ruby-1.9.3-p194/include/ruby-1.9.1 -I. -I/home/stuy/.rvm/usr/include     -O3 -ggdb -Wextra -Wno-unused-parameter -Wno-parentheses -Wno-long-long -Wno-missing-field-initializers -Wpointer-arith -Wwrite-strings -Wdeclaration-after-statement -Wimplicit-function-declaration  -fPIC conftest.c  -L. -L/home/stuy/.rvm/rubies/ruby-1.9.3-p194/lib -Wl,-R/home/stuy/.rvm/rubies/ruby-1.9.3-p194/lib -L/home/stuy/.rvm/usr/lib -Wl,-R/home/stuy/.rvm/usr/lib -L.  -rdynamic -Wl,-export-dynamic    -lsqlite3  -Wl,-R -Wl,/home/stuy/.rvm/rubies/ruby-1.9.3-p194/lib -L/home/stuy/.rvm/rubies/ruby-1.9.3-p194/lib -lruby -lsqlite3  -lpthread -lrt -ldl -lcrypt -lm   -lc"
conftest.c: In function ‘t’:
conftest.c:5:53: error: ‘sqlite3_load_extension’ undeclared (first use in this function)
conftest.c:5:53: note: each undeclared identifier is reported only once for each function it appears in
checked program was:
/* begin */
1: #include "ruby.h"
2: 
3: /*top*/
4: int main() {return 0;}
5: int t() { void ((*volatile p)()); p = (void ((*)()))sqlite3_load_extension; return 0; }
/* end */

"gcc -o conftest -I/home/stuy/.rvm/rubies/ruby-1.9.3-p194/include/ruby-1.9.1/x86_64-linux -I/home/stuy/.rvm/rubies/ruby-1.9.3-p194/include/ruby-1.9.1/ruby/backward -I/home/stuy/.rvm/rubies/ruby-1.9.3-p194/include/ruby-1.9.1 -I. -I/home/stuy/.rvm/usr/include     -O3 -ggdb -Wextra -Wno-unused-parameter -Wno-parentheses -Wno-long-long -Wno-missing-field-initializers -Wpointer-arith -Wwrite-strings -Wdeclaration-after-statement -Wimplicit-function-declaration  -fPIC conftest.c  -L. -L/home/stuy/.rvm/rubies/ruby-1.9.3-p194/lib -Wl,-R/home/stuy/.rvm/rubies/ruby-1.9.3-p194/lib -L/home/stuy/.rvm/usr/lib -Wl,-R/home/stuy/.rvm/usr/lib -L.  -rdynamic -Wl,-export-dynamic    -lsqlite3  -Wl,-R -Wl,/home/stuy/.rvm/rubies/ruby-1.9.3-p194/lib -L/home/stuy/.rvm/rubies/ruby-1.9.3-p194/lib -lruby -lsqlite3  -lpthread -lrt -ldl -lcrypt -lm   -lc"
conftest.c: In function ‘t’:
conftest.c:5:1: warning: implicit declaration of function ‘sqlite3_load_extension’ [-Wimplicit-function-declaration]
checked program was:
/* begin */
1: #include "ruby.h"
2: 
3: /*top*/
4: int main() {return 0;}
5: int t() { sqlite3_load_extension(); return 0; }
/* end */

--------------------

have_func: checking for sqlite3_open_v2()... -------------------- yes

"gcc -o conftest -I/home/stuy/.rvm/rubies/ruby-1.9.3-p194/include/ruby-1.9.1/x86_64-linux -I/home/stuy/.rvm/rubies/ruby-1.9.3-p194/include/ruby-1.9.1/ruby/backward -I/home/stuy/.rvm/rubies/ruby-1.9.3-p194/include/ruby-1.9.1 -I. -I/home/stuy/.rvm/usr/include     -O3 -ggdb -Wextra -Wno-unused-parameter -Wno-parentheses -Wno-long-long -Wno-missing-field-initializers -Wpointer-arith -Wwrite-strings -Wdeclaration-after-statement -Wimplicit-function-declaration  -fPIC conftest.c  -L. -L/home/stuy/.rvm/rubies/ruby-1.9.3-p194/lib -Wl,-R/home/stuy/.rvm/rubies/ruby-1.9.3-p194/lib -L/home/stuy/.rvm/usr/lib -Wl,-R/home/stuy/.rvm/usr/lib -L.  -rdynamic -Wl,-export-dynamic    -lsqlite3  -Wl,-R -Wl,/home/stuy/.rvm/rubies/ruby-1.9.3-p194/lib -L/home/stuy/.rvm/rubies/ruby-1.9.3-p194/lib -lruby -lsqlite3  -lpthread -lrt -ldl -lcrypt -lm   -lc"
conftest.c: In function ‘t’:
conftest.c:5:53: error: ‘sqlite3_open_v2’ undeclared (first use in this function)
conftest.c:5:53: note: each undeclared identifier is reported only once for each function it appears in
checked program was:
/* begin */
1: #include "ruby.h"
2: 
3: /*top*/
4: int main() {return 0;}
5: int t() { void ((*volatile p)()); p = (void ((*)()))sqlite3_open_v2; return 0; }
/* end */

"gcc -o conftest -I/home/stuy/.rvm/rubies/ruby-1.9.3-p194/include/ruby-1.9.1/x86_64-linux -I/home/stuy/.rvm/rubies/ruby-1.9.3-p194/include/ruby-1.9.1/ruby/backward -I/home/stuy/.rvm/rubies/ruby-1.9.3-p194/include/ruby-1.9.1 -I. -I/home/stuy/.rvm/usr/include     -O3 -ggdb -Wextra -Wno-unused-parameter -Wno-parentheses -Wno-long-long -Wno-missing-field-initializers -Wpointer-arith -Wwrite-strings -Wdeclaration-after-statement -Wimplicit-function-declaration  -fPIC conftest.c  -L. -L/home/stuy/.rvm/rubies/ruby-1.9.3-p194/lib -Wl,-R/home/stuy/.rvm/rubies/ruby-1.9.3-p194/lib -L/home/stuy/.rvm/usr/lib -Wl,-R/home/stuy/.rvm/usr/lib -L.  -rdynamic -Wl,-export-dynamic    -lsqlite3  -Wl,-R -Wl,/home/stuy/.rvm/rubies/ruby-1.9.3-p194/lib -L/home/stuy/.rvm/rubies/ruby-1.9.3-p194/lib -lruby -lsqlite3  -lpthread -lrt -ldl -lcrypt -lm   -lc"
conftest.c: In function ‘t’:
conftest.c:5:1: warning: implicit declaration of function ‘sqlite3_open_v2’ [-Wimplicit-function-declaration]
checked program was:
/* begin */
1: #include "ruby.h"
2: 
3: /*top*/
4: int main() {return 0;}
5: int t() { sqlite3_open_v2(); return 0; }
/* end */

--------------------

have_func: checking for sqlite3_prepare_v2()... -------------------- yes

"gcc -o conftest -I/home/stuy/.rvm/rubies/ruby-1.9.3-p194/include/ruby-1.9.1/x86_64-linux -I/home/stuy/.rvm/rubies/ruby-1.9.3-p194/include/ruby-1.9.1/ruby/backward -I/home/stuy/.rvm/rubies/ruby-1.9.3-p194/include/ruby-1.9.1 -I. -I/home/stuy/.rvm/usr/include     -O3 -ggdb -Wextra -Wno-unused-parameter -Wno-parentheses -Wno-long-long -Wno-missing-field-initializers -Wpointer-arith -Wwrite-strings -Wdeclaration-after-statement -Wimplicit-function-declaration  -fPIC conftest.c  -L. -L/home/stuy/.rvm/rubies/ruby-1.9.3-p194/lib -Wl,-R/home/stuy/.rvm/rubies/ruby-1.9.3-p194/lib -L/home/stuy/.rvm/usr/lib -Wl,-R/home/stuy/.rvm/usr/lib -L.  -rdynamic -Wl,-export-dynamic    -lsqlite3  -Wl,-R -Wl,/home/stuy/.rvm/rubies/ruby-1.9.3-p194/lib -L/home/stuy/.rvm/rubies/ruby-1.9.3-p194/lib -lruby -lsqlite3  -lpthread -lrt -ldl -lcrypt -lm   -lc"
conftest.c: In function ‘t’:
conftest.c:5:53: error: ‘sqlite3_prepare_v2’ undeclared (first use in this function)
conftest.c:5:53: note: each undeclared identifier is reported only once for each function it appears in
checked program was:
/* begin */
1: #include "ruby.h"
2: 
3: /*top*/
4: int main() {return 0;}
5: int t() { void ((*volatile p)()); p = (void ((*)()))sqlite3_prepare_v2; return 0; }
/* end */

"gcc -o conftest -I/home/stuy/.rvm/rubies/ruby-1.9.3-p194/include/ruby-1.9.1/x86_64-linux -I/home/stuy/.rvm/rubies/ruby-1.9.3-p194/include/ruby-1.9.1/ruby/backward -I/home/stuy/.rvm/rubies/ruby-1.9.3-p194/include/ruby-1.9.1 -I. -I/home/stuy/.rvm/usr/include     -O3 -ggdb -Wextra -Wno-unused-parameter -Wno-parentheses -Wno-long-long -Wno-missing-field-initializers -Wpointer-arith -Wwrite-strings -Wdeclaration-after-statement -Wimplicit-function-declaration  -fPIC conftest.c  -L. -L/home/stuy/.rvm/rubies/ruby-1.9.3-p194/lib -Wl,-R/home/stuy/.rvm/rubies/ruby-1.9.3-p194/lib -L/home/stuy/.rvm/usr/lib -Wl,-R/home/stuy/.rvm/usr/lib -L.  -rdynamic -Wl,-export-dynamic    -lsqlite3  -Wl,-R -Wl,/home/stuy/.rvm/rubies/ruby-1.9.3-p194/lib -L/home/stuy/.rvm/rubies/ruby-1.9.3-p194/lib -lruby -lsqlite3  -lpthread -lrt -ldl -lcrypt -lm   -lc"
conftest.c: In function ‘t’:
conftest.c:5:1: warning: implicit declaration of function ‘sqlite3_prepare_v2’ [-Wimplicit-function-declaration]
checked program was:
/* begin */
1: #include "ruby.h"
2: 
3: /*top*/
4: int main() {return 0;}
5: int t() { sqlite3_prepare_v2(); return 0; }
/* end */

--------------------

have_type: checking for sqlite3_int64 in sqlite3.h... -------------------- yes

"gcc -I/home/stuy/.rvm/rubies/ruby-1.9.3-p194/include/ruby-1.9.1/x86_64-linux -I/home/stuy/.rvm/rubies/ruby-1.9.3-p194/include/ruby-1.9.1/ruby/backward -I/home/stuy/.rvm/rubies/ruby-1.9.3-p194/include/ruby-1.9.1 -I. -I/home/stuy/.rvm/usr/include     -O3 -ggdb -Wextra -Wno-unused-parameter -Wno-parentheses -Wno-long-long -Wno-missing-field-initializers -Wpointer-arith -Wwrite-strings -Wdeclaration-after-statement -Wimplicit-function-declaration  -fPIC   -c conftest.c"
checked program was:
/* begin */
1: #include "ruby.h"
2: 
3: #include <sqlite3.h>
4: 
5: /*top*/
6: typedef sqlite3_int64 conftest_type;
7: int conftestval[sizeof(conftest_type)?1:-1];
/* end */

--------------------

have_type: checking for sqlite3_uint64 in sqlite3.h... -------------------- yes

"gcc -I/home/stuy/.rvm/rubies/ruby-1.9.3-p194/include/ruby-1.9.1/x86_64-linux -I/home/stuy/.rvm/rubies/ruby-1.9.3-p194/include/ruby-1.9.1/ruby/backward -I/home/stuy/.rvm/rubies/ruby-1.9.3-p194/include/ruby-1.9.1 -I. -I/home/stuy/.rvm/usr/include     -O3 -ggdb -Wextra -Wno-unused-parameter -Wno-parentheses -Wno-long-long -Wno-missing-field-initializers -Wpointer-arith -Wwrite-strings -Wdeclaration-after-statement -Wimplicit-function-declaration  -fPIC   -c conftest.c"
checked program was:
/* begin */
1: #include "ruby.h"
2: 
3: #include <sqlite3.h>
4: 
5: /*top*/
6: typedef sqlite3_uint64 conftest_type;
7: int conftestval[sizeof(conftest_type)?1:-1];
/* end */

--------------------

