find_executable: checking for pg_config... -------------------- yes

--------------------

find_header: checking for libpq-fe.h... -------------------- yes

"gcc -o conftest -I/home/stuy/.rvm/rubies/ruby-1.9.3-p194/include/ruby-1.9.1/x86_64-linux -I/home/stuy/.rvm/rubies/ruby-1.9.3-p194/include/ruby-1.9.1/ruby/backward -I/home/stuy/.rvm/rubies/ruby-1.9.3-p194/include/ruby-1.9.1 -I. -I/home/stuy/.rvm/usr/include    -I/usr/include/postgresql  -O3 -ggdb -Wextra -Wno-unused-parameter -Wno-parentheses -Wno-long-long -Wno-missing-field-initializers -Wpointer-arith -Wwrite-strings -Wdeclaration-after-statement -Wimplicit-function-declaration  -fPIC conftest.c  -L. -L/home/stuy/.rvm/rubies/ruby-1.9.3-p194/lib -Wl,-R/home/stuy/.rvm/rubies/ruby-1.9.3-p194/lib -L/home/stuy/.rvm/usr/lib -Wl,-R/home/stuy/.rvm/usr/lib -L.  -rdynamic -Wl,-export-dynamic -L/usr/lib     -Wl,-R -Wl,/home/stuy/.rvm/rubies/ruby-1.9.3-p194/lib -L/home/stuy/.rvm/rubies/ruby-1.9.3-p194/lib -lruby  -lpthread -lrt -ldl -lcrypt -lm   -lc"
checked program was:
/* begin */
1: #include "ruby.h"
2: 
3: int main() {return 0;}
/* end */

"gcc -E -I/home/stuy/.rvm/rubies/ruby-1.9.3-p194/include/ruby-1.9.1/x86_64-linux -I/home/stuy/.rvm/rubies/ruby-1.9.3-p194/include/ruby-1.9.1/ruby/backward -I/home/stuy/.rvm/rubies/ruby-1.9.3-p194/include/ruby-1.9.1 -I. -I/home/stuy/.rvm/usr/include    -I/usr/include/postgresql  -O3 -ggdb -Wextra -Wno-unused-parameter -Wno-parentheses -Wno-long-long -Wno-missing-field-initializers -Wpointer-arith -Wwrite-strings -Wdeclaration-after-statement -Wimplicit-function-declaration  -fPIC  conftest.c -o conftest.i"
checked program was:
/* begin */
1: #include "ruby.h"
2: 
3: #include <libpq-fe.h>
/* end */

--------------------

find_header: checking for libpq/libpq-fs.h... -------------------- yes

"gcc -E -I/home/stuy/.rvm/rubies/ruby-1.9.3-p194/include/ruby-1.9.1/x86_64-linux -I/home/stuy/.rvm/rubies/ruby-1.9.3-p194/include/ruby-1.9.1/ruby/backward -I/home/stuy/.rvm/rubies/ruby-1.9.3-p194/include/ruby-1.9.1 -I. -I/home/stuy/.rvm/usr/include    -I/usr/include/postgresql  -O3 -ggdb -Wextra -Wno-unused-parameter -Wno-parentheses -Wno-long-long -Wno-missing-field-initializers -Wpointer-arith -Wwrite-strings -Wdeclaration-after-statement -Wimplicit-function-declaration  -fPIC  conftest.c -o conftest.i"
checked program was:
/* begin */
1: #include "ruby.h"
2: 
3: #include <libpq/libpq-fs.h>
/* end */

--------------------

find_header: checking for pg_config_manual.h... -------------------- yes

"gcc -E -I/home/stuy/.rvm/rubies/ruby-1.9.3-p194/include/ruby-1.9.1/x86_64-linux -I/home/stuy/.rvm/rubies/ruby-1.9.3-p194/include/ruby-1.9.1/ruby/backward -I/home/stuy/.rvm/rubies/ruby-1.9.3-p194/include/ruby-1.9.1 -I. -I/home/stuy/.rvm/usr/include    -I/usr/include/postgresql  -O3 -ggdb -Wextra -Wno-unused-parameter -Wno-parentheses -Wno-long-long -Wno-missing-field-initializers -Wpointer-arith -Wwrite-strings -Wdeclaration-after-statement -Wimplicit-function-declaration  -fPIC  conftest.c -o conftest.i"
checked program was:
/* begin */
1: #include "ruby.h"
2: 
3: #include <pg_config_manual.h>
/* end */

--------------------

have_library: checking for PQconnectdb() in -lpq... -------------------- yes

"gcc -o conftest -I/home/stuy/.rvm/rubies/ruby-1.9.3-p194/include/ruby-1.9.1/x86_64-linux -I/home/stuy/.rvm/rubies/ruby-1.9.3-p194/include/ruby-1.9.1/ruby/backward -I/home/stuy/.rvm/rubies/ruby-1.9.3-p194/include/ruby-1.9.1 -I. -I/home/stuy/.rvm/usr/include    -I/usr/include/postgresql  -O3 -ggdb -Wextra -Wno-unused-parameter -Wno-parentheses -Wno-long-long -Wno-missing-field-initializers -Wpointer-arith -Wwrite-strings -Wdeclaration-after-statement -Wimplicit-function-declaration  -fPIC conftest.c  -L. -L/home/stuy/.rvm/rubies/ruby-1.9.3-p194/lib -Wl,-R/home/stuy/.rvm/rubies/ruby-1.9.3-p194/lib -L/home/stuy/.rvm/usr/lib -Wl,-R/home/stuy/.rvm/usr/lib -L.  -rdynamic -Wl,-export-dynamic -L/usr/lib     -Wl,-R -Wl,/home/stuy/.rvm/rubies/ruby-1.9.3-p194/lib -L/home/stuy/.rvm/rubies/ruby-1.9.3-p194/lib -lruby -lpq  -lpthread -lrt -ldl -lcrypt -lm   -lc"
checked program was:
/* begin */
1: #include "ruby.h"
2: 
3: #include <libpq-fe.h>
4: 
5: /*top*/
6: int main() {return 0;}
7: int t() { void ((*volatile p)()); p = (void ((*)()))PQconnectdb; return 0; }
/* end */

--------------------

have_func: checking for PQconnectionUsedPassword()... -------------------- yes

"gcc -o conftest -I/home/stuy/.rvm/rubies/ruby-1.9.3-p194/include/ruby-1.9.1/x86_64-linux -I/home/stuy/.rvm/rubies/ruby-1.9.3-p194/include/ruby-1.9.1/ruby/backward -I/home/stuy/.rvm/rubies/ruby-1.9.3-p194/include/ruby-1.9.1 -I. -I/home/stuy/.rvm/usr/include    -I/usr/include/postgresql  -O3 -ggdb -Wextra -Wno-unused-parameter -Wno-parentheses -Wno-long-long -Wno-missing-field-initializers -Wpointer-arith -Wwrite-strings -Wdeclaration-after-statement -Wimplicit-function-declaration  -fPIC conftest.c  -L. -L/home/stuy/.rvm/rubies/ruby-1.9.3-p194/lib -Wl,-R/home/stuy/.rvm/rubies/ruby-1.9.3-p194/lib -L/home/stuy/.rvm/usr/lib -Wl,-R/home/stuy/.rvm/usr/lib -L.  -rdynamic -Wl,-export-dynamic -L/usr/lib    -lpq  -Wl,-R -Wl,/home/stuy/.rvm/rubies/ruby-1.9.3-p194/lib -L/home/stuy/.rvm/rubies/ruby-1.9.3-p194/lib -lruby -lpq  -lpthread -lrt -ldl -lcrypt -lm   -lc"
conftest.c: In function ‘t’:
conftest.c:5:53: error: ‘PQconnectionUsedPassword’ undeclared (first use in this function)
conftest.c:5:53: note: each undeclared identifier is reported only once for each function it appears in
checked program was:
/* begin */
1: #include "ruby.h"
2: 
3: /*top*/
4: int main() {return 0;}
5: int t() { void ((*volatile p)()); p = (void ((*)()))PQconnectionUsedPassword; return 0; }
/* end */

"gcc -o conftest -I/home/stuy/.rvm/rubies/ruby-1.9.3-p194/include/ruby-1.9.1/x86_64-linux -I/home/stuy/.rvm/rubies/ruby-1.9.3-p194/include/ruby-1.9.1/ruby/backward -I/home/stuy/.rvm/rubies/ruby-1.9.3-p194/include/ruby-1.9.1 -I. -I/home/stuy/.rvm/usr/include    -I/usr/include/postgresql  -O3 -ggdb -Wextra -Wno-unused-parameter -Wno-parentheses -Wno-long-long -Wno-missing-field-initializers -Wpointer-arith -Wwrite-strings -Wdeclaration-after-statement -Wimplicit-function-declaration  -fPIC conftest.c  -L. -L/home/stuy/.rvm/rubies/ruby-1.9.3-p194/lib -Wl,-R/home/stuy/.rvm/rubies/ruby-1.9.3-p194/lib -L/home/stuy/.rvm/usr/lib -Wl,-R/home/stuy/.rvm/usr/lib -L.  -rdynamic -Wl,-export-dynamic -L/usr/lib    -lpq  -Wl,-R -Wl,/home/stuy/.rvm/rubies/ruby-1.9.3-p194/lib -L/home/stuy/.rvm/rubies/ruby-1.9.3-p194/lib -lruby -lpq  -lpthread -lrt -ldl -lcrypt -lm   -lc"
conftest.c: In function ‘t’:
conftest.c:5:1: warning: implicit declaration of function ‘PQconnectionUsedPassword’ [-Wimplicit-function-declaration]
checked program was:
/* begin */
1: #include "ruby.h"
2: 
3: /*top*/
4: int main() {return 0;}
5: int t() { PQconnectionUsedPassword(); return 0; }
/* end */

--------------------

have_func: checking for PQisthreadsafe()... -------------------- yes

"gcc -o conftest -I/home/stuy/.rvm/rubies/ruby-1.9.3-p194/include/ruby-1.9.1/x86_64-linux -I/home/stuy/.rvm/rubies/ruby-1.9.3-p194/include/ruby-1.9.1/ruby/backward -I/home/stuy/.rvm/rubies/ruby-1.9.3-p194/include/ruby-1.9.1 -I. -I/home/stuy/.rvm/usr/include    -I/usr/include/postgresql  -O3 -ggdb -Wextra -Wno-unused-parameter -Wno-parentheses -Wno-long-long -Wno-missing-field-initializers -Wpointer-arith -Wwrite-strings -Wdeclaration-after-statement -Wimplicit-function-declaration  -fPIC conftest.c  -L. -L/home/stuy/.rvm/rubies/ruby-1.9.3-p194/lib -Wl,-R/home/stuy/.rvm/rubies/ruby-1.9.3-p194/lib -L/home/stuy/.rvm/usr/lib -Wl,-R/home/stuy/.rvm/usr/lib -L.  -rdynamic -Wl,-export-dynamic -L/usr/lib    -lpq  -Wl,-R -Wl,/home/stuy/.rvm/rubies/ruby-1.9.3-p194/lib -L/home/stuy/.rvm/rubies/ruby-1.9.3-p194/lib -lruby -lpq  -lpthread -lrt -ldl -lcrypt -lm   -lc"
conftest.c: In function ‘t’:
conftest.c:5:53: error: ‘PQisthreadsafe’ undeclared (first use in this function)
conftest.c:5:53: note: each undeclared identifier is reported only once for each function it appears in
checked program was:
/* begin */
1: #include "ruby.h"
2: 
3: /*top*/
4: int main() {return 0;}
5: int t() { void ((*volatile p)()); p = (void ((*)()))PQisthreadsafe; return 0; }
/* end */

"gcc -o conftest -I/home/stuy/.rvm/rubies/ruby-1.9.3-p194/include/ruby-1.9.1/x86_64-linux -I/home/stuy/.rvm/rubies/ruby-1.9.3-p194/include/ruby-1.9.1/ruby/backward -I/home/stuy/.rvm/rubies/ruby-1.9.3-p194/include/ruby-1.9.1 -I. -I/home/stuy/.rvm/usr/include    -I/usr/include/postgresql  -O3 -ggdb -Wextra -Wno-unused-parameter -Wno-parentheses -Wno-long-long -Wno-missing-field-initializers -Wpointer-arith -Wwrite-strings -Wdeclaration-after-statement -Wimplicit-function-declaration  -fPIC conftest.c  -L. -L/home/stuy/.rvm/rubies/ruby-1.9.3-p194/lib -Wl,-R/home/stuy/.rvm/rubies/ruby-1.9.3-p194/lib -L/home/stuy/.rvm/usr/lib -Wl,-R/home/stuy/.rvm/usr/lib -L.  -rdynamic -Wl,-export-dynamic -L/usr/lib    -lpq  -Wl,-R -Wl,/home/stuy/.rvm/rubies/ruby-1.9.3-p194/lib -L/home/stuy/.rvm/rubies/ruby-1.9.3-p194/lib -lruby -lpq  -lpthread -lrt -ldl -lcrypt -lm   -lc"
conftest.c: In function ‘t’:
conftest.c:5:1: warning: implicit declaration of function ‘PQisthreadsafe’ [-Wimplicit-function-declaration]
checked program was:
/* begin */
1: #include "ruby.h"
2: 
3: /*top*/
4: int main() {return 0;}
5: int t() { PQisthreadsafe(); return 0; }
/* end */

--------------------

have_func: checking for PQprepare()... -------------------- yes

"gcc -o conftest -I/home/stuy/.rvm/rubies/ruby-1.9.3-p194/include/ruby-1.9.1/x86_64-linux -I/home/stuy/.rvm/rubies/ruby-1.9.3-p194/include/ruby-1.9.1/ruby/backward -I/home/stuy/.rvm/rubies/ruby-1.9.3-p194/include/ruby-1.9.1 -I. -I/home/stuy/.rvm/usr/include    -I/usr/include/postgresql  -O3 -ggdb -Wextra -Wno-unused-parameter -Wno-parentheses -Wno-long-long -Wno-missing-field-initializers -Wpointer-arith -Wwrite-strings -Wdeclaration-after-statement -Wimplicit-function-declaration  -fPIC conftest.c  -L. -L/home/stuy/.rvm/rubies/ruby-1.9.3-p194/lib -Wl,-R/home/stuy/.rvm/rubies/ruby-1.9.3-p194/lib -L/home/stuy/.rvm/usr/lib -Wl,-R/home/stuy/.rvm/usr/lib -L.  -rdynamic -Wl,-export-dynamic -L/usr/lib    -lpq  -Wl,-R -Wl,/home/stuy/.rvm/rubies/ruby-1.9.3-p194/lib -L/home/stuy/.rvm/rubies/ruby-1.9.3-p194/lib -lruby -lpq  -lpthread -lrt -ldl -lcrypt -lm   -lc"
conftest.c: In function ‘t’:
conftest.c:5:53: error: ‘PQprepare’ undeclared (first use in this function)
conftest.c:5:53: note: each undeclared identifier is reported only once for each function it appears in
checked program was:
/* begin */
1: #include "ruby.h"
2: 
3: /*top*/
4: int main() {return 0;}
5: int t() { void ((*volatile p)()); p = (void ((*)()))PQprepare; return 0; }
/* end */

"gcc -o conftest -I/home/stuy/.rvm/rubies/ruby-1.9.3-p194/include/ruby-1.9.1/x86_64-linux -I/home/stuy/.rvm/rubies/ruby-1.9.3-p194/include/ruby-1.9.1/ruby/backward -I/home/stuy/.rvm/rubies/ruby-1.9.3-p194/include/ruby-1.9.1 -I. -I/home/stuy/.rvm/usr/include    -I/usr/include/postgresql  -O3 -ggdb -Wextra -Wno-unused-parameter -Wno-parentheses -Wno-long-long -Wno-missing-field-initializers -Wpointer-arith -Wwrite-strings -Wdeclaration-after-statement -Wimplicit-function-declaration  -fPIC conftest.c  -L. -L/home/stuy/.rvm/rubies/ruby-1.9.3-p194/lib -Wl,-R/home/stuy/.rvm/rubies/ruby-1.9.3-p194/lib -L/home/stuy/.rvm/usr/lib -Wl,-R/home/stuy/.rvm/usr/lib -L.  -rdynamic -Wl,-export-dynamic -L/usr/lib    -lpq  -Wl,-R -Wl,/home/stuy/.rvm/rubies/ruby-1.9.3-p194/lib -L/home/stuy/.rvm/rubies/ruby-1.9.3-p194/lib -lruby -lpq  -lpthread -lrt -ldl -lcrypt -lm   -lc"
conftest.c: In function ‘t’:
conftest.c:5:1: warning: implicit declaration of function ‘PQprepare’ [-Wimplicit-function-declaration]
checked program was:
/* begin */
1: #include "ruby.h"
2: 
3: /*top*/
4: int main() {return 0;}
5: int t() { PQprepare(); return 0; }
/* end */

--------------------

have_func: checking for PQexecParams()... -------------------- yes

"gcc -o conftest -I/home/stuy/.rvm/rubies/ruby-1.9.3-p194/include/ruby-1.9.1/x86_64-linux -I/home/stuy/.rvm/rubies/ruby-1.9.3-p194/include/ruby-1.9.1/ruby/backward -I/home/stuy/.rvm/rubies/ruby-1.9.3-p194/include/ruby-1.9.1 -I. -I/home/stuy/.rvm/usr/include    -I/usr/include/postgresql  -O3 -ggdb -Wextra -Wno-unused-parameter -Wno-parentheses -Wno-long-long -Wno-missing-field-initializers -Wpointer-arith -Wwrite-strings -Wdeclaration-after-statement -Wimplicit-function-declaration  -fPIC conftest.c  -L. -L/home/stuy/.rvm/rubies/ruby-1.9.3-p194/lib -Wl,-R/home/stuy/.rvm/rubies/ruby-1.9.3-p194/lib -L/home/stuy/.rvm/usr/lib -Wl,-R/home/stuy/.rvm/usr/lib -L.  -rdynamic -Wl,-export-dynamic -L/usr/lib    -lpq  -Wl,-R -Wl,/home/stuy/.rvm/rubies/ruby-1.9.3-p194/lib -L/home/stuy/.rvm/rubies/ruby-1.9.3-p194/lib -lruby -lpq  -lpthread -lrt -ldl -lcrypt -lm   -lc"
conftest.c: In function ‘t’:
conftest.c:5:53: error: ‘PQexecParams’ undeclared (first use in this function)
conftest.c:5:53: note: each undeclared identifier is reported only once for each function it appears in
checked program was:
/* begin */
1: #include "ruby.h"
2: 
3: /*top*/
4: int main() {return 0;}
5: int t() { void ((*volatile p)()); p = (void ((*)()))PQexecParams; return 0; }
/* end */

"gcc -o conftest -I/home/stuy/.rvm/rubies/ruby-1.9.3-p194/include/ruby-1.9.1/x86_64-linux -I/home/stuy/.rvm/rubies/ruby-1.9.3-p194/include/ruby-1.9.1/ruby/backward -I/home/stuy/.rvm/rubies/ruby-1.9.3-p194/include/ruby-1.9.1 -I. -I/home/stuy/.rvm/usr/include    -I/usr/include/postgresql  -O3 -ggdb -Wextra -Wno-unused-parameter -Wno-parentheses -Wno-long-long -Wno-missing-field-initializers -Wpointer-arith -Wwrite-strings -Wdeclaration-after-statement -Wimplicit-function-declaration  -fPIC conftest.c  -L. -L/home/stuy/.rvm/rubies/ruby-1.9.3-p194/lib -Wl,-R/home/stuy/.rvm/rubies/ruby-1.9.3-p194/lib -L/home/stuy/.rvm/usr/lib -Wl,-R/home/stuy/.rvm/usr/lib -L.  -rdynamic -Wl,-export-dynamic -L/usr/lib    -lpq  -Wl,-R -Wl,/home/stuy/.rvm/rubies/ruby-1.9.3-p194/lib -L/home/stuy/.rvm/rubies/ruby-1.9.3-p194/lib -lruby -lpq  -lpthread -lrt -ldl -lcrypt -lm   -lc"
conftest.c: In function ‘t’:
conftest.c:5:1: warning: implicit declaration of function ‘PQexecParams’ [-Wimplicit-function-declaration]
checked program was:
/* begin */
1: #include "ruby.h"
2: 
3: /*top*/
4: int main() {return 0;}
5: int t() { PQexecParams(); return 0; }
/* end */

--------------------

have_func: checking for PQescapeString()... -------------------- yes

"gcc -o conftest -I/home/stuy/.rvm/rubies/ruby-1.9.3-p194/include/ruby-1.9.1/x86_64-linux -I/home/stuy/.rvm/rubies/ruby-1.9.3-p194/include/ruby-1.9.1/ruby/backward -I/home/stuy/.rvm/rubies/ruby-1.9.3-p194/include/ruby-1.9.1 -I. -I/home/stuy/.rvm/usr/include    -I/usr/include/postgresql  -O3 -ggdb -Wextra -Wno-unused-parameter -Wno-parentheses -Wno-long-long -Wno-missing-field-initializers -Wpointer-arith -Wwrite-strings -Wdeclaration-after-statement -Wimplicit-function-declaration  -fPIC conftest.c  -L. -L/home/stuy/.rvm/rubies/ruby-1.9.3-p194/lib -Wl,-R/home/stuy/.rvm/rubies/ruby-1.9.3-p194/lib -L/home/stuy/.rvm/usr/lib -Wl,-R/home/stuy/.rvm/usr/lib -L.  -rdynamic -Wl,-export-dynamic -L/usr/lib    -lpq  -Wl,-R -Wl,/home/stuy/.rvm/rubies/ruby-1.9.3-p194/lib -L/home/stuy/.rvm/rubies/ruby-1.9.3-p194/lib -lruby -lpq  -lpthread -lrt -ldl -lcrypt -lm   -lc"
conftest.c: In function ‘t’:
conftest.c:5:53: error: ‘PQescapeString’ undeclared (first use in this function)
conftest.c:5:53: note: each undeclared identifier is reported only once for each function it appears in
checked program was:
/* begin */
1: #include "ruby.h"
2: 
3: /*top*/
4: int main() {return 0;}
5: int t() { void ((*volatile p)()); p = (void ((*)()))PQescapeString; return 0; }
/* end */

"gcc -o conftest -I/home/stuy/.rvm/rubies/ruby-1.9.3-p194/include/ruby-1.9.1/x86_64-linux -I/home/stuy/.rvm/rubies/ruby-1.9.3-p194/include/ruby-1.9.1/ruby/backward -I/home/stuy/.rvm/rubies/ruby-1.9.3-p194/include/ruby-1.9.1 -I. -I/home/stuy/.rvm/usr/include    -I/usr/include/postgresql  -O3 -ggdb -Wextra -Wno-unused-parameter -Wno-parentheses -Wno-long-long -Wno-missing-field-initializers -Wpointer-arith -Wwrite-strings -Wdeclaration-after-statement -Wimplicit-function-declaration  -fPIC conftest.c  -L. -L/home/stuy/.rvm/rubies/ruby-1.9.3-p194/lib -Wl,-R/home/stuy/.rvm/rubies/ruby-1.9.3-p194/lib -L/home/stuy/.rvm/usr/lib -Wl,-R/home/stuy/.rvm/usr/lib -L.  -rdynamic -Wl,-export-dynamic -L/usr/lib    -lpq  -Wl,-R -Wl,/home/stuy/.rvm/rubies/ruby-1.9.3-p194/lib -L/home/stuy/.rvm/rubies/ruby-1.9.3-p194/lib -lruby -lpq  -lpthread -lrt -ldl -lcrypt -lm   -lc"
conftest.c: In function ‘t’:
conftest.c:5:1: warning: implicit declaration of function ‘PQescapeString’ [-Wimplicit-function-declaration]
checked program was:
/* begin */
1: #include "ruby.h"
2: 
3: /*top*/
4: int main() {return 0;}
5: int t() { PQescapeString(); return 0; }
/* end */

--------------------

have_func: checking for PQescapeStringConn()... -------------------- yes

"gcc -o conftest -I/home/stuy/.rvm/rubies/ruby-1.9.3-p194/include/ruby-1.9.1/x86_64-linux -I/home/stuy/.rvm/rubies/ruby-1.9.3-p194/include/ruby-1.9.1/ruby/backward -I/home/stuy/.rvm/rubies/ruby-1.9.3-p194/include/ruby-1.9.1 -I. -I/home/stuy/.rvm/usr/include    -I/usr/include/postgresql  -O3 -ggdb -Wextra -Wno-unused-parameter -Wno-parentheses -Wno-long-long -Wno-missing-field-initializers -Wpointer-arith -Wwrite-strings -Wdeclaration-after-statement -Wimplicit-function-declaration  -fPIC conftest.c  -L. -L/home/stuy/.rvm/rubies/ruby-1.9.3-p194/lib -Wl,-R/home/stuy/.rvm/rubies/ruby-1.9.3-p194/lib -L/home/stuy/.rvm/usr/lib -Wl,-R/home/stuy/.rvm/usr/lib -L.  -rdynamic -Wl,-export-dynamic -L/usr/lib    -lpq  -Wl,-R -Wl,/home/stuy/.rvm/rubies/ruby-1.9.3-p194/lib -L/home/stuy/.rvm/rubies/ruby-1.9.3-p194/lib -lruby -lpq  -lpthread -lrt -ldl -lcrypt -lm   -lc"
conftest.c: In function ‘t’:
conftest.c:5:53: error: ‘PQescapeStringConn’ undeclared (first use in this function)
conftest.c:5:53: note: each undeclared identifier is reported only once for each function it appears in
checked program was:
/* begin */
1: #include "ruby.h"
2: 
3: /*top*/
4: int main() {return 0;}
5: int t() { void ((*volatile p)()); p = (void ((*)()))PQescapeStringConn; return 0; }
/* end */

"gcc -o conftest -I/home/stuy/.rvm/rubies/ruby-1.9.3-p194/include/ruby-1.9.1/x86_64-linux -I/home/stuy/.rvm/rubies/ruby-1.9.3-p194/include/ruby-1.9.1/ruby/backward -I/home/stuy/.rvm/rubies/ruby-1.9.3-p194/include/ruby-1.9.1 -I. -I/home/stuy/.rvm/usr/include    -I/usr/include/postgresql  -O3 -ggdb -Wextra -Wno-unused-parameter -Wno-parentheses -Wno-long-long -Wno-missing-field-initializers -Wpointer-arith -Wwrite-strings -Wdeclaration-after-statement -Wimplicit-function-declaration  -fPIC conftest.c  -L. -L/home/stuy/.rvm/rubies/ruby-1.9.3-p194/lib -Wl,-R/home/stuy/.rvm/rubies/ruby-1.9.3-p194/lib -L/home/stuy/.rvm/usr/lib -Wl,-R/home/stuy/.rvm/usr/lib -L.  -rdynamic -Wl,-export-dynamic -L/usr/lib    -lpq  -Wl,-R -Wl,/home/stuy/.rvm/rubies/ruby-1.9.3-p194/lib -L/home/stuy/.rvm/rubies/ruby-1.9.3-p194/lib -lruby -lpq  -lpthread -lrt -ldl -lcrypt -lm   -lc"
conftest.c: In function ‘t’:
conftest.c:5:1: warning: implicit declaration of function ‘PQescapeStringConn’ [-Wimplicit-function-declaration]
checked program was:
/* begin */
1: #include "ruby.h"
2: 
3: /*top*/
4: int main() {return 0;}
5: int t() { PQescapeStringConn(); return 0; }
/* end */

--------------------

have_func: checking for PQescapeLiteral()... -------------------- yes

"gcc -o conftest -I/home/stuy/.rvm/rubies/ruby-1.9.3-p194/include/ruby-1.9.1/x86_64-linux -I/home/stuy/.rvm/rubies/ruby-1.9.3-p194/include/ruby-1.9.1/ruby/backward -I/home/stuy/.rvm/rubies/ruby-1.9.3-p194/include/ruby-1.9.1 -I. -I/home/stuy/.rvm/usr/include    -I/usr/include/postgresql  -O3 -ggdb -Wextra -Wno-unused-parameter -Wno-parentheses -Wno-long-long -Wno-missing-field-initializers -Wpointer-arith -Wwrite-strings -Wdeclaration-after-statement -Wimplicit-function-declaration  -fPIC conftest.c  -L. -L/home/stuy/.rvm/rubies/ruby-1.9.3-p194/lib -Wl,-R/home/stuy/.rvm/rubies/ruby-1.9.3-p194/lib -L/home/stuy/.rvm/usr/lib -Wl,-R/home/stuy/.rvm/usr/lib -L.  -rdynamic -Wl,-export-dynamic -L/usr/lib    -lpq  -Wl,-R -Wl,/home/stuy/.rvm/rubies/ruby-1.9.3-p194/lib -L/home/stuy/.rvm/rubies/ruby-1.9.3-p194/lib -lruby -lpq  -lpthread -lrt -ldl -lcrypt -lm   -lc"
conftest.c: In function ‘t’:
conftest.c:5:53: error: ‘PQescapeLiteral’ undeclared (first use in this function)
conftest.c:5:53: note: each undeclared identifier is reported only once for each function it appears in
checked program was:
/* begin */
1: #include "ruby.h"
2: 
3: /*top*/
4: int main() {return 0;}
5: int t() { void ((*volatile p)()); p = (void ((*)()))PQescapeLiteral; return 0; }
/* end */

"gcc -o conftest -I/home/stuy/.rvm/rubies/ruby-1.9.3-p194/include/ruby-1.9.1/x86_64-linux -I/home/stuy/.rvm/rubies/ruby-1.9.3-p194/include/ruby-1.9.1/ruby/backward -I/home/stuy/.rvm/rubies/ruby-1.9.3-p194/include/ruby-1.9.1 -I. -I/home/stuy/.rvm/usr/include    -I/usr/include/postgresql  -O3 -ggdb -Wextra -Wno-unused-parameter -Wno-parentheses -Wno-long-long -Wno-missing-field-initializers -Wpointer-arith -Wwrite-strings -Wdeclaration-after-statement -Wimplicit-function-declaration  -fPIC conftest.c  -L. -L/home/stuy/.rvm/rubies/ruby-1.9.3-p194/lib -Wl,-R/home/stuy/.rvm/rubies/ruby-1.9.3-p194/lib -L/home/stuy/.rvm/usr/lib -Wl,-R/home/stuy/.rvm/usr/lib -L.  -rdynamic -Wl,-export-dynamic -L/usr/lib    -lpq  -Wl,-R -Wl,/home/stuy/.rvm/rubies/ruby-1.9.3-p194/lib -L/home/stuy/.rvm/rubies/ruby-1.9.3-p194/lib -lruby -lpq  -lpthread -lrt -ldl -lcrypt -lm   -lc"
conftest.c: In function ‘t’:
conftest.c:5:1: warning: implicit declaration of function ‘PQescapeLiteral’ [-Wimplicit-function-declaration]
checked program was:
/* begin */
1: #include "ruby.h"
2: 
3: /*top*/
4: int main() {return 0;}
5: int t() { PQescapeLiteral(); return 0; }
/* end */

--------------------

have_func: checking for PQescapeIdentifier()... -------------------- yes

"gcc -o conftest -I/home/stuy/.rvm/rubies/ruby-1.9.3-p194/include/ruby-1.9.1/x86_64-linux -I/home/stuy/.rvm/rubies/ruby-1.9.3-p194/include/ruby-1.9.1/ruby/backward -I/home/stuy/.rvm/rubies/ruby-1.9.3-p194/include/ruby-1.9.1 -I. -I/home/stuy/.rvm/usr/include    -I/usr/include/postgresql  -O3 -ggdb -Wextra -Wno-unused-parameter -Wno-parentheses -Wno-long-long -Wno-missing-field-initializers -Wpointer-arith -Wwrite-strings -Wdeclaration-after-statement -Wimplicit-function-declaration  -fPIC conftest.c  -L. -L/home/stuy/.rvm/rubies/ruby-1.9.3-p194/lib -Wl,-R/home/stuy/.rvm/rubies/ruby-1.9.3-p194/lib -L/home/stuy/.rvm/usr/lib -Wl,-R/home/stuy/.rvm/usr/lib -L.  -rdynamic -Wl,-export-dynamic -L/usr/lib    -lpq  -Wl,-R -Wl,/home/stuy/.rvm/rubies/ruby-1.9.3-p194/lib -L/home/stuy/.rvm/rubies/ruby-1.9.3-p194/lib -lruby -lpq  -lpthread -lrt -ldl -lcrypt -lm   -lc"
conftest.c: In function ‘t’:
conftest.c:5:53: error: ‘PQescapeIdentifier’ undeclared (first use in this function)
conftest.c:5:53: note: each undeclared identifier is reported only once for each function it appears in
checked program was:
/* begin */
1: #include "ruby.h"
2: 
3: /*top*/
4: int main() {return 0;}
5: int t() { void ((*volatile p)()); p = (void ((*)()))PQescapeIdentifier; return 0; }
/* end */

"gcc -o conftest -I/home/stuy/.rvm/rubies/ruby-1.9.3-p194/include/ruby-1.9.1/x86_64-linux -I/home/stuy/.rvm/rubies/ruby-1.9.3-p194/include/ruby-1.9.1/ruby/backward -I/home/stuy/.rvm/rubies/ruby-1.9.3-p194/include/ruby-1.9.1 -I. -I/home/stuy/.rvm/usr/include    -I/usr/include/postgresql  -O3 -ggdb -Wextra -Wno-unused-parameter -Wno-parentheses -Wno-long-long -Wno-missing-field-initializers -Wpointer-arith -Wwrite-strings -Wdeclaration-after-statement -Wimplicit-function-declaration  -fPIC conftest.c  -L. -L/home/stuy/.rvm/rubies/ruby-1.9.3-p194/lib -Wl,-R/home/stuy/.rvm/rubies/ruby-1.9.3-p194/lib -L/home/stuy/.rvm/usr/lib -Wl,-R/home/stuy/.rvm/usr/lib -L.  -rdynamic -Wl,-export-dynamic -L/usr/lib    -lpq  -Wl,-R -Wl,/home/stuy/.rvm/rubies/ruby-1.9.3-p194/lib -L/home/stuy/.rvm/rubies/ruby-1.9.3-p194/lib -lruby -lpq  -lpthread -lrt -ldl -lcrypt -lm   -lc"
conftest.c: In function ‘t’:
conftest.c:5:1: warning: implicit declaration of function ‘PQescapeIdentifier’ [-Wimplicit-function-declaration]
checked program was:
/* begin */
1: #include "ruby.h"
2: 
3: /*top*/
4: int main() {return 0;}
5: int t() { PQescapeIdentifier(); return 0; }
/* end */

--------------------

have_func: checking for PQgetCancel()... -------------------- yes

"gcc -o conftest -I/home/stuy/.rvm/rubies/ruby-1.9.3-p194/include/ruby-1.9.1/x86_64-linux -I/home/stuy/.rvm/rubies/ruby-1.9.3-p194/include/ruby-1.9.1/ruby/backward -I/home/stuy/.rvm/rubies/ruby-1.9.3-p194/include/ruby-1.9.1 -I. -I/home/stuy/.rvm/usr/include    -I/usr/include/postgresql  -O3 -ggdb -Wextra -Wno-unused-parameter -Wno-parentheses -Wno-long-long -Wno-missing-field-initializers -Wpointer-arith -Wwrite-strings -Wdeclaration-after-statement -Wimplicit-function-declaration  -fPIC conftest.c  -L. -L/home/stuy/.rvm/rubies/ruby-1.9.3-p194/lib -Wl,-R/home/stuy/.rvm/rubies/ruby-1.9.3-p194/lib -L/home/stuy/.rvm/usr/lib -Wl,-R/home/stuy/.rvm/usr/lib -L.  -rdynamic -Wl,-export-dynamic -L/usr/lib    -lpq  -Wl,-R -Wl,/home/stuy/.rvm/rubies/ruby-1.9.3-p194/lib -L/home/stuy/.rvm/rubies/ruby-1.9.3-p194/lib -lruby -lpq  -lpthread -lrt -ldl -lcrypt -lm   -lc"
conftest.c: In function ‘t’:
conftest.c:5:53: error: ‘PQgetCancel’ undeclared (first use in this function)
conftest.c:5:53: note: each undeclared identifier is reported only once for each function it appears in
checked program was:
/* begin */
1: #include "ruby.h"
2: 
3: /*top*/
4: int main() {return 0;}
5: int t() { void ((*volatile p)()); p = (void ((*)()))PQgetCancel; return 0; }
/* end */

"gcc -o conftest -I/home/stuy/.rvm/rubies/ruby-1.9.3-p194/include/ruby-1.9.1/x86_64-linux -I/home/stuy/.rvm/rubies/ruby-1.9.3-p194/include/ruby-1.9.1/ruby/backward -I/home/stuy/.rvm/rubies/ruby-1.9.3-p194/include/ruby-1.9.1 -I. -I/home/stuy/.rvm/usr/include    -I/usr/include/postgresql  -O3 -ggdb -Wextra -Wno-unused-parameter -Wno-parentheses -Wno-long-long -Wno-missing-field-initializers -Wpointer-arith -Wwrite-strings -Wdeclaration-after-statement -Wimplicit-function-declaration  -fPIC conftest.c  -L. -L/home/stuy/.rvm/rubies/ruby-1.9.3-p194/lib -Wl,-R/home/stuy/.rvm/rubies/ruby-1.9.3-p194/lib -L/home/stuy/.rvm/usr/lib -Wl,-R/home/stuy/.rvm/usr/lib -L.  -rdynamic -Wl,-export-dynamic -L/usr/lib    -lpq  -Wl,-R -Wl,/home/stuy/.rvm/rubies/ruby-1.9.3-p194/lib -L/home/stuy/.rvm/rubies/ruby-1.9.3-p194/lib -lruby -lpq  -lpthread -lrt -ldl -lcrypt -lm   -lc"
conftest.c: In function ‘t’:
conftest.c:5:1: warning: implicit declaration of function ‘PQgetCancel’ [-Wimplicit-function-declaration]
checked program was:
/* begin */
1: #include "ruby.h"
2: 
3: /*top*/
4: int main() {return 0;}
5: int t() { PQgetCancel(); return 0; }
/* end */

--------------------

have_func: checking for lo_create()... -------------------- yes

"gcc -o conftest -I/home/stuy/.rvm/rubies/ruby-1.9.3-p194/include/ruby-1.9.1/x86_64-linux -I/home/stuy/.rvm/rubies/ruby-1.9.3-p194/include/ruby-1.9.1/ruby/backward -I/home/stuy/.rvm/rubies/ruby-1.9.3-p194/include/ruby-1.9.1 -I. -I/home/stuy/.rvm/usr/include    -I/usr/include/postgresql  -O3 -ggdb -Wextra -Wno-unused-parameter -Wno-parentheses -Wno-long-long -Wno-missing-field-initializers -Wpointer-arith -Wwrite-strings -Wdeclaration-after-statement -Wimplicit-function-declaration  -fPIC conftest.c  -L. -L/home/stuy/.rvm/rubies/ruby-1.9.3-p194/lib -Wl,-R/home/stuy/.rvm/rubies/ruby-1.9.3-p194/lib -L/home/stuy/.rvm/usr/lib -Wl,-R/home/stuy/.rvm/usr/lib -L.  -rdynamic -Wl,-export-dynamic -L/usr/lib    -lpq  -Wl,-R -Wl,/home/stuy/.rvm/rubies/ruby-1.9.3-p194/lib -L/home/stuy/.rvm/rubies/ruby-1.9.3-p194/lib -lruby -lpq  -lpthread -lrt -ldl -lcrypt -lm   -lc"
conftest.c: In function ‘t’:
conftest.c:5:53: error: ‘lo_create’ undeclared (first use in this function)
conftest.c:5:53: note: each undeclared identifier is reported only once for each function it appears in
checked program was:
/* begin */
1: #include "ruby.h"
2: 
3: /*top*/
4: int main() {return 0;}
5: int t() { void ((*volatile p)()); p = (void ((*)()))lo_create; return 0; }
/* end */

"gcc -o conftest -I/home/stuy/.rvm/rubies/ruby-1.9.3-p194/include/ruby-1.9.1/x86_64-linux -I/home/stuy/.rvm/rubies/ruby-1.9.3-p194/include/ruby-1.9.1/ruby/backward -I/home/stuy/.rvm/rubies/ruby-1.9.3-p194/include/ruby-1.9.1 -I. -I/home/stuy/.rvm/usr/include    -I/usr/include/postgresql  -O3 -ggdb -Wextra -Wno-unused-parameter -Wno-parentheses -Wno-long-long -Wno-missing-field-initializers -Wpointer-arith -Wwrite-strings -Wdeclaration-after-statement -Wimplicit-function-declaration  -fPIC conftest.c  -L. -L/home/stuy/.rvm/rubies/ruby-1.9.3-p194/lib -Wl,-R/home/stuy/.rvm/rubies/ruby-1.9.3-p194/lib -L/home/stuy/.rvm/usr/lib -Wl,-R/home/stuy/.rvm/usr/lib -L.  -rdynamic -Wl,-export-dynamic -L/usr/lib    -lpq  -Wl,-R -Wl,/home/stuy/.rvm/rubies/ruby-1.9.3-p194/lib -L/home/stuy/.rvm/rubies/ruby-1.9.3-p194/lib -lruby -lpq  -lpthread -lrt -ldl -lcrypt -lm   -lc"
conftest.c: In function ‘t’:
conftest.c:5:1: warning: implicit declaration of function ‘lo_create’ [-Wimplicit-function-declaration]
checked program was:
/* begin */
1: #include "ruby.h"
2: 
3: /*top*/
4: int main() {return 0;}
5: int t() { lo_create(); return 0; }
/* end */

--------------------

have_func: checking for pg_encoding_to_char()... -------------------- yes

"gcc -o conftest -I/home/stuy/.rvm/rubies/ruby-1.9.3-p194/include/ruby-1.9.1/x86_64-linux -I/home/stuy/.rvm/rubies/ruby-1.9.3-p194/include/ruby-1.9.1/ruby/backward -I/home/stuy/.rvm/rubies/ruby-1.9.3-p194/include/ruby-1.9.1 -I. -I/home/stuy/.rvm/usr/include    -I/usr/include/postgresql  -O3 -ggdb -Wextra -Wno-unused-parameter -Wno-parentheses -Wno-long-long -Wno-missing-field-initializers -Wpointer-arith -Wwrite-strings -Wdeclaration-after-statement -Wimplicit-function-declaration  -fPIC conftest.c  -L. -L/home/stuy/.rvm/rubies/ruby-1.9.3-p194/lib -Wl,-R/home/stuy/.rvm/rubies/ruby-1.9.3-p194/lib -L/home/stuy/.rvm/usr/lib -Wl,-R/home/stuy/.rvm/usr/lib -L.  -rdynamic -Wl,-export-dynamic -L/usr/lib    -lpq  -Wl,-R -Wl,/home/stuy/.rvm/rubies/ruby-1.9.3-p194/lib -L/home/stuy/.rvm/rubies/ruby-1.9.3-p194/lib -lruby -lpq  -lpthread -lrt -ldl -lcrypt -lm   -lc"
conftest.c: In function ‘t’:
conftest.c:5:53: error: ‘pg_encoding_to_char’ undeclared (first use in this function)
conftest.c:5:53: note: each undeclared identifier is reported only once for each function it appears in
checked program was:
/* begin */
1: #include "ruby.h"
2: 
3: /*top*/
4: int main() {return 0;}
5: int t() { void ((*volatile p)()); p = (void ((*)()))pg_encoding_to_char; return 0; }
/* end */

"gcc -o conftest -I/home/stuy/.rvm/rubies/ruby-1.9.3-p194/include/ruby-1.9.1/x86_64-linux -I/home/stuy/.rvm/rubies/ruby-1.9.3-p194/include/ruby-1.9.1/ruby/backward -I/home/stuy/.rvm/rubies/ruby-1.9.3-p194/include/ruby-1.9.1 -I. -I/home/stuy/.rvm/usr/include    -I/usr/include/postgresql  -O3 -ggdb -Wextra -Wno-unused-parameter -Wno-parentheses -Wno-long-long -Wno-missing-field-initializers -Wpointer-arith -Wwrite-strings -Wdeclaration-after-statement -Wimplicit-function-declaration  -fPIC conftest.c  -L. -L/home/stuy/.rvm/rubies/ruby-1.9.3-p194/lib -Wl,-R/home/stuy/.rvm/rubies/ruby-1.9.3-p194/lib -L/home/stuy/.rvm/usr/lib -Wl,-R/home/stuy/.rvm/usr/lib -L.  -rdynamic -Wl,-export-dynamic -L/usr/lib    -lpq  -Wl,-R -Wl,/home/stuy/.rvm/rubies/ruby-1.9.3-p194/lib -L/home/stuy/.rvm/rubies/ruby-1.9.3-p194/lib -lruby -lpq  -lpthread -lrt -ldl -lcrypt -lm   -lc"
conftest.c: In function ‘t’:
conftest.c:5:1: warning: implicit declaration of function ‘pg_encoding_to_char’ [-Wimplicit-function-declaration]
checked program was:
/* begin */
1: #include "ruby.h"
2: 
3: /*top*/
4: int main() {return 0;}
5: int t() { pg_encoding_to_char(); return 0; }
/* end */

--------------------

have_func: checking for pg_char_to_encoding()... -------------------- yes

"gcc -o conftest -I/home/stuy/.rvm/rubies/ruby-1.9.3-p194/include/ruby-1.9.1/x86_64-linux -I/home/stuy/.rvm/rubies/ruby-1.9.3-p194/include/ruby-1.9.1/ruby/backward -I/home/stuy/.rvm/rubies/ruby-1.9.3-p194/include/ruby-1.9.1 -I. -I/home/stuy/.rvm/usr/include    -I/usr/include/postgresql  -O3 -ggdb -Wextra -Wno-unused-parameter -Wno-parentheses -Wno-long-long -Wno-missing-field-initializers -Wpointer-arith -Wwrite-strings -Wdeclaration-after-statement -Wimplicit-function-declaration  -fPIC conftest.c  -L. -L/home/stuy/.rvm/rubies/ruby-1.9.3-p194/lib -Wl,-R/home/stuy/.rvm/rubies/ruby-1.9.3-p194/lib -L/home/stuy/.rvm/usr/lib -Wl,-R/home/stuy/.rvm/usr/lib -L.  -rdynamic -Wl,-export-dynamic -L/usr/lib    -lpq  -Wl,-R -Wl,/home/stuy/.rvm/rubies/ruby-1.9.3-p194/lib -L/home/stuy/.rvm/rubies/ruby-1.9.3-p194/lib -lruby -lpq  -lpthread -lrt -ldl -lcrypt -lm   -lc"
conftest.c: In function ‘t’:
conftest.c:5:53: error: ‘pg_char_to_encoding’ undeclared (first use in this function)
conftest.c:5:53: note: each undeclared identifier is reported only once for each function it appears in
checked program was:
/* begin */
1: #include "ruby.h"
2: 
3: /*top*/
4: int main() {return 0;}
5: int t() { void ((*volatile p)()); p = (void ((*)()))pg_char_to_encoding; return 0; }
/* end */

"gcc -o conftest -I/home/stuy/.rvm/rubies/ruby-1.9.3-p194/include/ruby-1.9.1/x86_64-linux -I/home/stuy/.rvm/rubies/ruby-1.9.3-p194/include/ruby-1.9.1/ruby/backward -I/home/stuy/.rvm/rubies/ruby-1.9.3-p194/include/ruby-1.9.1 -I. -I/home/stuy/.rvm/usr/include    -I/usr/include/postgresql  -O3 -ggdb -Wextra -Wno-unused-parameter -Wno-parentheses -Wno-long-long -Wno-missing-field-initializers -Wpointer-arith -Wwrite-strings -Wdeclaration-after-statement -Wimplicit-function-declaration  -fPIC conftest.c  -L. -L/home/stuy/.rvm/rubies/ruby-1.9.3-p194/lib -Wl,-R/home/stuy/.rvm/rubies/ruby-1.9.3-p194/lib -L/home/stuy/.rvm/usr/lib -Wl,-R/home/stuy/.rvm/usr/lib -L.  -rdynamic -Wl,-export-dynamic -L/usr/lib    -lpq  -Wl,-R -Wl,/home/stuy/.rvm/rubies/ruby-1.9.3-p194/lib -L/home/stuy/.rvm/rubies/ruby-1.9.3-p194/lib -lruby -lpq  -lpthread -lrt -ldl -lcrypt -lm   -lc"
conftest.c: In function ‘t’:
conftest.c:5:1: warning: implicit declaration of function ‘pg_char_to_encoding’ [-Wimplicit-function-declaration]
checked program was:
/* begin */
1: #include "ruby.h"
2: 
3: /*top*/
4: int main() {return 0;}
5: int t() { pg_char_to_encoding(); return 0; }
/* end */

--------------------

have_func: checking for PQsetClientEncoding()... -------------------- yes

"gcc -o conftest -I/home/stuy/.rvm/rubies/ruby-1.9.3-p194/include/ruby-1.9.1/x86_64-linux -I/home/stuy/.rvm/rubies/ruby-1.9.3-p194/include/ruby-1.9.1/ruby/backward -I/home/stuy/.rvm/rubies/ruby-1.9.3-p194/include/ruby-1.9.1 -I. -I/home/stuy/.rvm/usr/include    -I/usr/include/postgresql  -O3 -ggdb -Wextra -Wno-unused-parameter -Wno-parentheses -Wno-long-long -Wno-missing-field-initializers -Wpointer-arith -Wwrite-strings -Wdeclaration-after-statement -Wimplicit-function-declaration  -fPIC conftest.c  -L. -L/home/stuy/.rvm/rubies/ruby-1.9.3-p194/lib -Wl,-R/home/stuy/.rvm/rubies/ruby-1.9.3-p194/lib -L/home/stuy/.rvm/usr/lib -Wl,-R/home/stuy/.rvm/usr/lib -L.  -rdynamic -Wl,-export-dynamic -L/usr/lib    -lpq  -Wl,-R -Wl,/home/stuy/.rvm/rubies/ruby-1.9.3-p194/lib -L/home/stuy/.rvm/rubies/ruby-1.9.3-p194/lib -lruby -lpq  -lpthread -lrt -ldl -lcrypt -lm   -lc"
conftest.c: In function ‘t’:
conftest.c:5:53: error: ‘PQsetClientEncoding’ undeclared (first use in this function)
conftest.c:5:53: note: each undeclared identifier is reported only once for each function it appears in
checked program was:
/* begin */
1: #include "ruby.h"
2: 
3: /*top*/
4: int main() {return 0;}
5: int t() { void ((*volatile p)()); p = (void ((*)()))PQsetClientEncoding; return 0; }
/* end */

"gcc -o conftest -I/home/stuy/.rvm/rubies/ruby-1.9.3-p194/include/ruby-1.9.1/x86_64-linux -I/home/stuy/.rvm/rubies/ruby-1.9.3-p194/include/ruby-1.9.1/ruby/backward -I/home/stuy/.rvm/rubies/ruby-1.9.3-p194/include/ruby-1.9.1 -I. -I/home/stuy/.rvm/usr/include    -I/usr/include/postgresql  -O3 -ggdb -Wextra -Wno-unused-parameter -Wno-parentheses -Wno-long-long -Wno-missing-field-initializers -Wpointer-arith -Wwrite-strings -Wdeclaration-after-statement -Wimplicit-function-declaration  -fPIC conftest.c  -L. -L/home/stuy/.rvm/rubies/ruby-1.9.3-p194/lib -Wl,-R/home/stuy/.rvm/rubies/ruby-1.9.3-p194/lib -L/home/stuy/.rvm/usr/lib -Wl,-R/home/stuy/.rvm/usr/lib -L.  -rdynamic -Wl,-export-dynamic -L/usr/lib    -lpq  -Wl,-R -Wl,/home/stuy/.rvm/rubies/ruby-1.9.3-p194/lib -L/home/stuy/.rvm/rubies/ruby-1.9.3-p194/lib -lruby -lpq  -lpthread -lrt -ldl -lcrypt -lm   -lc"
conftest.c: In function ‘t’:
conftest.c:5:1: warning: implicit declaration of function ‘PQsetClientEncoding’ [-Wimplicit-function-declaration]
checked program was:
/* begin */
1: #include "ruby.h"
2: 
3: /*top*/
4: int main() {return 0;}
5: int t() { PQsetClientEncoding(); return 0; }
/* end */

--------------------

have_func: checking for PQlibVersion()... -------------------- yes

"gcc -o conftest -I/home/stuy/.rvm/rubies/ruby-1.9.3-p194/include/ruby-1.9.1/x86_64-linux -I/home/stuy/.rvm/rubies/ruby-1.9.3-p194/include/ruby-1.9.1/ruby/backward -I/home/stuy/.rvm/rubies/ruby-1.9.3-p194/include/ruby-1.9.1 -I. -I/home/stuy/.rvm/usr/include    -I/usr/include/postgresql  -O3 -ggdb -Wextra -Wno-unused-parameter -Wno-parentheses -Wno-long-long -Wno-missing-field-initializers -Wpointer-arith -Wwrite-strings -Wdeclaration-after-statement -Wimplicit-function-declaration  -fPIC conftest.c  -L. -L/home/stuy/.rvm/rubies/ruby-1.9.3-p194/lib -Wl,-R/home/stuy/.rvm/rubies/ruby-1.9.3-p194/lib -L/home/stuy/.rvm/usr/lib -Wl,-R/home/stuy/.rvm/usr/lib -L.  -rdynamic -Wl,-export-dynamic -L/usr/lib    -lpq  -Wl,-R -Wl,/home/stuy/.rvm/rubies/ruby-1.9.3-p194/lib -L/home/stuy/.rvm/rubies/ruby-1.9.3-p194/lib -lruby -lpq  -lpthread -lrt -ldl -lcrypt -lm   -lc"
conftest.c: In function ‘t’:
conftest.c:5:53: error: ‘PQlibVersion’ undeclared (first use in this function)
conftest.c:5:53: note: each undeclared identifier is reported only once for each function it appears in
checked program was:
/* begin */
1: #include "ruby.h"
2: 
3: /*top*/
4: int main() {return 0;}
5: int t() { void ((*volatile p)()); p = (void ((*)()))PQlibVersion; return 0; }
/* end */

"gcc -o conftest -I/home/stuy/.rvm/rubies/ruby-1.9.3-p194/include/ruby-1.9.1/x86_64-linux -I/home/stuy/.rvm/rubies/ruby-1.9.3-p194/include/ruby-1.9.1/ruby/backward -I/home/stuy/.rvm/rubies/ruby-1.9.3-p194/include/ruby-1.9.1 -I. -I/home/stuy/.rvm/usr/include    -I/usr/include/postgresql  -O3 -ggdb -Wextra -Wno-unused-parameter -Wno-parentheses -Wno-long-long -Wno-missing-field-initializers -Wpointer-arith -Wwrite-strings -Wdeclaration-after-statement -Wimplicit-function-declaration  -fPIC conftest.c  -L. -L/home/stuy/.rvm/rubies/ruby-1.9.3-p194/lib -Wl,-R/home/stuy/.rvm/rubies/ruby-1.9.3-p194/lib -L/home/stuy/.rvm/usr/lib -Wl,-R/home/stuy/.rvm/usr/lib -L.  -rdynamic -Wl,-export-dynamic -L/usr/lib    -lpq  -Wl,-R -Wl,/home/stuy/.rvm/rubies/ruby-1.9.3-p194/lib -L/home/stuy/.rvm/rubies/ruby-1.9.3-p194/lib -lruby -lpq  -lpthread -lrt -ldl -lcrypt -lm   -lc"
conftest.c: In function ‘t’:
conftest.c:5:1: warning: implicit declaration of function ‘PQlibVersion’ [-Wimplicit-function-declaration]
checked program was:
/* begin */
1: #include "ruby.h"
2: 
3: /*top*/
4: int main() {return 0;}
5: int t() { PQlibVersion(); return 0; }
/* end */

--------------------

have_func: checking for PQping()... -------------------- yes

"gcc -o conftest -I/home/stuy/.rvm/rubies/ruby-1.9.3-p194/include/ruby-1.9.1/x86_64-linux -I/home/stuy/.rvm/rubies/ruby-1.9.3-p194/include/ruby-1.9.1/ruby/backward -I/home/stuy/.rvm/rubies/ruby-1.9.3-p194/include/ruby-1.9.1 -I. -I/home/stuy/.rvm/usr/include    -I/usr/include/postgresql  -O3 -ggdb -Wextra -Wno-unused-parameter -Wno-parentheses -Wno-long-long -Wno-missing-field-initializers -Wpointer-arith -Wwrite-strings -Wdeclaration-after-statement -Wimplicit-function-declaration  -fPIC conftest.c  -L. -L/home/stuy/.rvm/rubies/ruby-1.9.3-p194/lib -Wl,-R/home/stuy/.rvm/rubies/ruby-1.9.3-p194/lib -L/home/stuy/.rvm/usr/lib -Wl,-R/home/stuy/.rvm/usr/lib -L.  -rdynamic -Wl,-export-dynamic -L/usr/lib    -lpq  -Wl,-R -Wl,/home/stuy/.rvm/rubies/ruby-1.9.3-p194/lib -L/home/stuy/.rvm/rubies/ruby-1.9.3-p194/lib -lruby -lpq  -lpthread -lrt -ldl -lcrypt -lm   -lc"
conftest.c: In function ‘t’:
conftest.c:5:53: error: ‘PQping’ undeclared (first use in this function)
conftest.c:5:53: note: each undeclared identifier is reported only once for each function it appears in
checked program was:
/* begin */
1: #include "ruby.h"
2: 
3: /*top*/
4: int main() {return 0;}
5: int t() { void ((*volatile p)()); p = (void ((*)()))PQping; return 0; }
/* end */

"gcc -o conftest -I/home/stuy/.rvm/rubies/ruby-1.9.3-p194/include/ruby-1.9.1/x86_64-linux -I/home/stuy/.rvm/rubies/ruby-1.9.3-p194/include/ruby-1.9.1/ruby/backward -I/home/stuy/.rvm/rubies/ruby-1.9.3-p194/include/ruby-1.9.1 -I. -I/home/stuy/.rvm/usr/include    -I/usr/include/postgresql  -O3 -ggdb -Wextra -Wno-unused-parameter -Wno-parentheses -Wno-long-long -Wno-missing-field-initializers -Wpointer-arith -Wwrite-strings -Wdeclaration-after-statement -Wimplicit-function-declaration  -fPIC conftest.c  -L. -L/home/stuy/.rvm/rubies/ruby-1.9.3-p194/lib -Wl,-R/home/stuy/.rvm/rubies/ruby-1.9.3-p194/lib -L/home/stuy/.rvm/usr/lib -Wl,-R/home/stuy/.rvm/usr/lib -L.  -rdynamic -Wl,-export-dynamic -L/usr/lib    -lpq  -Wl,-R -Wl,/home/stuy/.rvm/rubies/ruby-1.9.3-p194/lib -L/home/stuy/.rvm/rubies/ruby-1.9.3-p194/lib -lruby -lpq  -lpthread -lrt -ldl -lcrypt -lm   -lc"
conftest.c: In function ‘t’:
conftest.c:5:1: warning: implicit declaration of function ‘PQping’ [-Wimplicit-function-declaration]
checked program was:
/* begin */
1: #include "ruby.h"
2: 
3: /*top*/
4: int main() {return 0;}
5: int t() { PQping(); return 0; }
/* end */

--------------------

have_func: checking for rb_encdb_alias()... -------------------- yes

"gcc -o conftest -I/home/stuy/.rvm/rubies/ruby-1.9.3-p194/include/ruby-1.9.1/x86_64-linux -I/home/stuy/.rvm/rubies/ruby-1.9.3-p194/include/ruby-1.9.1/ruby/backward -I/home/stuy/.rvm/rubies/ruby-1.9.3-p194/include/ruby-1.9.1 -I. -I/home/stuy/.rvm/usr/include    -I/usr/include/postgresql  -O3 -ggdb -Wextra -Wno-unused-parameter -Wno-parentheses -Wno-long-long -Wno-missing-field-initializers -Wpointer-arith -Wwrite-strings -Wdeclaration-after-statement -Wimplicit-function-declaration  -fPIC conftest.c  -L. -L/home/stuy/.rvm/rubies/ruby-1.9.3-p194/lib -Wl,-R/home/stuy/.rvm/rubies/ruby-1.9.3-p194/lib -L/home/stuy/.rvm/usr/lib -Wl,-R/home/stuy/.rvm/usr/lib -L.  -rdynamic -Wl,-export-dynamic -L/usr/lib    -lpq  -Wl,-R -Wl,/home/stuy/.rvm/rubies/ruby-1.9.3-p194/lib -L/home/stuy/.rvm/rubies/ruby-1.9.3-p194/lib -lruby -lpq  -lpthread -lrt -ldl -lcrypt -lm   -lc"
conftest.c: In function ‘t’:
conftest.c:5:53: error: ‘rb_encdb_alias’ undeclared (first use in this function)
conftest.c:5:53: note: each undeclared identifier is reported only once for each function it appears in
checked program was:
/* begin */
1: #include "ruby.h"
2: 
3: /*top*/
4: int main() {return 0;}
5: int t() { void ((*volatile p)()); p = (void ((*)()))rb_encdb_alias; return 0; }
/* end */

"gcc -o conftest -I/home/stuy/.rvm/rubies/ruby-1.9.3-p194/include/ruby-1.9.1/x86_64-linux -I/home/stuy/.rvm/rubies/ruby-1.9.3-p194/include/ruby-1.9.1/ruby/backward -I/home/stuy/.rvm/rubies/ruby-1.9.3-p194/include/ruby-1.9.1 -I. -I/home/stuy/.rvm/usr/include    -I/usr/include/postgresql  -O3 -ggdb -Wextra -Wno-unused-parameter -Wno-parentheses -Wno-long-long -Wno-missing-field-initializers -Wpointer-arith -Wwrite-strings -Wdeclaration-after-statement -Wimplicit-function-declaration  -fPIC conftest.c  -L. -L/home/stuy/.rvm/rubies/ruby-1.9.3-p194/lib -Wl,-R/home/stuy/.rvm/rubies/ruby-1.9.3-p194/lib -L/home/stuy/.rvm/usr/lib -Wl,-R/home/stuy/.rvm/usr/lib -L.  -rdynamic -Wl,-export-dynamic -L/usr/lib    -lpq  -Wl,-R -Wl,/home/stuy/.rvm/rubies/ruby-1.9.3-p194/lib -L/home/stuy/.rvm/rubies/ruby-1.9.3-p194/lib -lruby -lpq  -lpthread -lrt -ldl -lcrypt -lm   -lc"
conftest.c: In function ‘t’:
conftest.c:5:1: warning: implicit declaration of function ‘rb_encdb_alias’ [-Wimplicit-function-declaration]
checked program was:
/* begin */
1: #include "ruby.h"
2: 
3: /*top*/
4: int main() {return 0;}
5: int t() { rb_encdb_alias(); return 0; }
/* end */

--------------------

have_func: checking for rb_enc_alias()... -------------------- no

"gcc -o conftest -I/home/stuy/.rvm/rubies/ruby-1.9.3-p194/include/ruby-1.9.1/x86_64-linux -I/home/stuy/.rvm/rubies/ruby-1.9.3-p194/include/ruby-1.9.1/ruby/backward -I/home/stuy/.rvm/rubies/ruby-1.9.3-p194/include/ruby-1.9.1 -I. -I/home/stuy/.rvm/usr/include    -I/usr/include/postgresql  -O3 -ggdb -Wextra -Wno-unused-parameter -Wno-parentheses -Wno-long-long -Wno-missing-field-initializers -Wpointer-arith -Wwrite-strings -Wdeclaration-after-statement -Wimplicit-function-declaration  -fPIC conftest.c  -L. -L/home/stuy/.rvm/rubies/ruby-1.9.3-p194/lib -Wl,-R/home/stuy/.rvm/rubies/ruby-1.9.3-p194/lib -L/home/stuy/.rvm/usr/lib -Wl,-R/home/stuy/.rvm/usr/lib -L.  -rdynamic -Wl,-export-dynamic -L/usr/lib    -lpq  -Wl,-R -Wl,/home/stuy/.rvm/rubies/ruby-1.9.3-p194/lib -L/home/stuy/.rvm/rubies/ruby-1.9.3-p194/lib -lruby -lpq  -lpthread -lrt -ldl -lcrypt -lm   -lc"
conftest.c: In function ‘t’:
conftest.c:5:53: error: ‘rb_enc_alias’ undeclared (first use in this function)
conftest.c:5:53: note: each undeclared identifier is reported only once for each function it appears in
checked program was:
/* begin */
1: #include "ruby.h"
2: 
3: /*top*/
4: int main() {return 0;}
5: int t() { void ((*volatile p)()); p = (void ((*)()))rb_enc_alias; return 0; }
/* end */

"gcc -o conftest -I/home/stuy/.rvm/rubies/ruby-1.9.3-p194/include/ruby-1.9.1/x86_64-linux -I/home/stuy/.rvm/rubies/ruby-1.9.3-p194/include/ruby-1.9.1/ruby/backward -I/home/stuy/.rvm/rubies/ruby-1.9.3-p194/include/ruby-1.9.1 -I. -I/home/stuy/.rvm/usr/include    -I/usr/include/postgresql  -O3 -ggdb -Wextra -Wno-unused-parameter -Wno-parentheses -Wno-long-long -Wno-missing-field-initializers -Wpointer-arith -Wwrite-strings -Wdeclaration-after-statement -Wimplicit-function-declaration  -fPIC conftest.c  -L. -L/home/stuy/.rvm/rubies/ruby-1.9.3-p194/lib -Wl,-R/home/stuy/.rvm/rubies/ruby-1.9.3-p194/lib -L/home/stuy/.rvm/usr/lib -Wl,-R/home/stuy/.rvm/usr/lib -L.  -rdynamic -Wl,-export-dynamic -L/usr/lib    -lpq  -Wl,-R -Wl,/home/stuy/.rvm/rubies/ruby-1.9.3-p194/lib -L/home/stuy/.rvm/rubies/ruby-1.9.3-p194/lib -lruby -lpq  -lpthread -lrt -ldl -lcrypt -lm   -lc"
conftest.c: In function ‘t’:
conftest.c:5:1: warning: implicit declaration of function ‘rb_enc_alias’ [-Wimplicit-function-declaration]
/tmp/ccWrCLy4.o: In function `t':
/home/stuy/.rvm/gems/ruby-1.9.3-p194/gems/pg-0.14.1/ext/conftest.c:5: undefined reference to `rb_enc_alias'
collect2: ld returned 1 exit status
checked program was:
/* begin */
1: #include "ruby.h"
2: 
3: /*top*/
4: int main() {return 0;}
5: int t() { rb_enc_alias(); return 0; }
/* end */

--------------------

have_const: checking for PGRES_COPY_BOTH in libpq-fe.h... -------------------- yes

"gcc -I/home/stuy/.rvm/rubies/ruby-1.9.3-p194/include/ruby-1.9.1/x86_64-linux -I/home/stuy/.rvm/rubies/ruby-1.9.3-p194/include/ruby-1.9.1/ruby/backward -I/home/stuy/.rvm/rubies/ruby-1.9.3-p194/include/ruby-1.9.1 -I. -I/home/stuy/.rvm/usr/include    -I/usr/include/postgresql  -O3 -ggdb -Wextra -Wno-unused-parameter -Wno-parentheses -Wno-long-long -Wno-missing-field-initializers -Wpointer-arith -Wwrite-strings -Wdeclaration-after-statement -Wimplicit-function-declaration  -fPIC   -c conftest.c"
checked program was:
/* begin */
1: #include "ruby.h"
2: 
3: #include <libpq-fe.h>
4: 
5: /*top*/
6: typedef int conftest_type;
7: conftest_type conftestval = (int)PGRES_COPY_BOTH;
/* end */

--------------------

have_const: checking for PGRES_SINGLE_TUPLE in libpq-fe.h... -------------------- no

"gcc -I/home/stuy/.rvm/rubies/ruby-1.9.3-p194/include/ruby-1.9.1/x86_64-linux -I/home/stuy/.rvm/rubies/ruby-1.9.3-p194/include/ruby-1.9.1/ruby/backward -I/home/stuy/.rvm/rubies/ruby-1.9.3-p194/include/ruby-1.9.1 -I. -I/home/stuy/.rvm/usr/include    -I/usr/include/postgresql  -O3 -ggdb -Wextra -Wno-unused-parameter -Wno-parentheses -Wno-long-long -Wno-missing-field-initializers -Wpointer-arith -Wwrite-strings -Wdeclaration-after-statement -Wimplicit-function-declaration  -fPIC   -c conftest.c"
conftest.c:7:34: error: ‘PGRES_SINGLE_TUPLE’ undeclared here (not in a function)
checked program was:
/* begin */
1: #include "ruby.h"
2: 
3: #include <libpq-fe.h>
4: 
5: /*top*/
6: typedef int conftest_type;
7: conftest_type conftestval = (int)PGRES_SINGLE_TUPLE;
/* end */

--------------------

have_struct_member: checking for struct pgNotify.extra in libpq-fe.h... -------------------- yes

"gcc -I/home/stuy/.rvm/rubies/ruby-1.9.3-p194/include/ruby-1.9.1/x86_64-linux -I/home/stuy/.rvm/rubies/ruby-1.9.3-p194/include/ruby-1.9.1/ruby/backward -I/home/stuy/.rvm/rubies/ruby-1.9.3-p194/include/ruby-1.9.1 -I. -I/home/stuy/.rvm/usr/include    -I/usr/include/postgresql  -O3 -ggdb -Wextra -Wno-unused-parameter -Wno-parentheses -Wno-long-long -Wno-missing-field-initializers -Wpointer-arith -Wwrite-strings -Wdeclaration-after-statement -Wimplicit-function-declaration  -fPIC   -c conftest.c"
checked program was:
/* begin */
1: #include "ruby.h"
2: 
3: #include <libpq-fe.h>
4: 
5: /*top*/
6: int main() {return 0;}
7: int s = (char *)&((struct pgNotify*)0)->extra - (char *)0;
/* end */

--------------------

have_header: checking for unistd.h... -------------------- yes

"gcc -E -I/home/stuy/.rvm/rubies/ruby-1.9.3-p194/include/ruby-1.9.1/x86_64-linux -I/home/stuy/.rvm/rubies/ruby-1.9.3-p194/include/ruby-1.9.1/ruby/backward -I/home/stuy/.rvm/rubies/ruby-1.9.3-p194/include/ruby-1.9.1 -I. -I/home/stuy/.rvm/usr/include    -I/usr/include/postgresql  -O3 -ggdb -Wextra -Wno-unused-parameter -Wno-parentheses -Wno-long-long -Wno-missing-field-initializers -Wpointer-arith -Wwrite-strings -Wdeclaration-after-statement -Wimplicit-function-declaration  -fPIC  conftest.c -o conftest.i"
checked program was:
/* begin */
1: #include "ruby.h"
2: 
3: #include <unistd.h>
/* end */

--------------------

have_header: checking for ruby/st.h... -------------------- yes

"gcc -E -I/home/stuy/.rvm/rubies/ruby-1.9.3-p194/include/ruby-1.9.1/x86_64-linux -I/home/stuy/.rvm/rubies/ruby-1.9.3-p194/include/ruby-1.9.1/ruby/backward -I/home/stuy/.rvm/rubies/ruby-1.9.3-p194/include/ruby-1.9.1 -I. -I/home/stuy/.rvm/usr/include    -I/usr/include/postgresql  -O3 -ggdb -Wextra -Wno-unused-parameter -Wno-parentheses -Wno-long-long -Wno-missing-field-initializers -Wpointer-arith -Wwrite-strings -Wdeclaration-after-statement -Wimplicit-function-declaration  -fPIC  conftest.c -o conftest.i"
checked program was:
/* begin */
1: #include "ruby.h"
2: 
3: #include <ruby/st.h>
/* end */

--------------------

extconf.h is:
/* begin */
 1: #ifndef EXTCONF_H
 2: #define EXTCONF_H
 3: #define HAVE_PQCONNECTIONUSEDPASSWORD 1
 4: #define HAVE_PQISTHREADSAFE 1
 5: #define HAVE_PQPREPARE 1
 6: #define HAVE_PQEXECPARAMS 1
 7: #define HAVE_PQESCAPESTRING 1
 8: #define HAVE_PQESCAPESTRINGCONN 1
 9: #define HAVE_PQESCAPELITERAL 1
10: #define HAVE_PQESCAPEIDENTIFIER 1
11: #define HAVE_PQGETCANCEL 1
12: #define HAVE_LO_CREATE 1
13: #define HAVE_PG_ENCODING_TO_CHAR 1
14: #define HAVE_PG_CHAR_TO_ENCODING 1
15: #define HAVE_PQSETCLIENTENCODING 1
16: #define HAVE_PQLIBVERSION 1
17: #define HAVE_PQPING 1
18: #define HAVE_RB_ENCDB_ALIAS 1
19: #define HAVE_CONST_PGRES_COPY_BOTH 1
20: #define HAVE_STRUCT_PGNOTIFY_EXTRA 1
21: #define HAVE_ST_EXTRA 1
22: #define HAVE_ST_NOTIFY_EXTRA 1
23: #define HAVE_UNISTD_H 1
24: #define HAVE_RUBY_ST_H 1
25: #endif
/* end */

